<?xml version="1.0" encoding="UTF-8"?>
<coverage generated="1774139261110" clover="3.2.0">
  <project timestamp="1774139261110" name="All files">
    <metrics statements="565" coveredstatements="550" conditionals="410" coveredconditionals="368" methods="100" coveredmethods="98" elements="1075" coveredelements="1016" complexity="0" loc="565" ncloc="565" packages="2" files="14" classes="14"/>
    <package name="core">
      <metrics statements="167" coveredstatements="155" conditionals="106" coveredconditionals="86" methods="48" coveredmethods="46"/>
      <file name="ai-tools.ts" path="/Users/neetagundala/Projects/ai_code_assistant_new/ai-preflight/src/core/ai-tools.ts">
        <metrics statements="7" coveredstatements="7" conditionals="8" coveredconditionals="7" methods="2" coveredmethods="2"/>
        <line num="25" count="4" type="stmt"/>
        <line num="101" count="58" type="stmt"/>
        <line num="102" count="58" type="cond" truecount="1" falsecount="1"/>
        <line num="103" count="58" type="cond" truecount="4" falsecount="0"/>
        <line num="104" count="23" type="stmt"/>
        <line num="105" count="10" type="cond" truecount="2" falsecount="0"/>
        <line num="107" count="50" type="stmt"/>
      </file>
      <file name="context-export.ts" path="/Users/neetagundala/Projects/ai_code_assistant_new/ai-preflight/src/core/context-export.ts">
        <metrics statements="53" coveredstatements="46" conditionals="22" coveredconditionals="19" methods="3" coveredmethods="3"/>
        <line num="12" count="13" type="stmt"/>
        <line num="14" count="13" type="stmt"/>
        <line num="15" count="13" type="stmt"/>
        <line num="16" count="13" type="stmt"/>
        <line num="19" count="13" type="stmt"/>
        <line num="22" count="13" type="stmt"/>
        <line num="25" count="13" type="stmt"/>
        <line num="26" count="13" type="stmt"/>
        <line num="27" count="13" type="cond" truecount="2" falsecount="0"/>
        <line num="28" count="1" type="stmt"/>
        <line num="32" count="12" type="stmt"/>
        <line num="36" count="13" type="cond" truecount="2" falsecount="0"/>
        <line num="37" count="1" type="stmt"/>
        <line num="43" count="13" type="cond" truecount="2" falsecount="0"/>
        <line num="44" count="1" type="stmt"/>
        <line num="45" count="1" type="stmt"/>
        <line num="46" count="2" type="stmt"/>
        <line num="51" count="13" type="cond" truecount="2" falsecount="0"/>
        <line num="52" count="1" type="stmt"/>
        <line num="58" count="13" type="cond" truecount="2" falsecount="0"/>
        <line num="59" count="1" type="stmt"/>
        <line num="60" count="2" type="stmt"/>
        <line num="65" count="13" type="cond" truecount="1" falsecount="1"/>
        <line num="66" count="0" type="stmt"/>
        <line num="67" count="0" type="stmt"/>
        <line num="68" count="0" type="stmt"/>
        <line num="69" count="0" type="stmt"/>
        <line num="70" count="0" type="stmt"/>
        <line num="71" count="0" type="stmt"/>
        <line num="72" count="0" type="stmt"/>
        <line num="76" count="13" type="stmt"/>
        <line num="79" count="13" type="cond" truecount="2" falsecount="0"/>
        <line num="80" count="1" type="stmt"/>
        <line num="81" count="1" type="stmt"/>
        <line num="82" count="1" type="stmt"/>
        <line num="83" count="1" type="cond" truecount="1" falsecount="1"/>
        <line num="84" count="1" type="stmt"/>
        <line num="86" count="1" type="stmt"/>
        <line num="90" count="13" type="cond" truecount="2" falsecount="0"/>
        <line num="91" count="1" type="stmt"/>
        <line num="92" count="1" type="stmt"/>
        <line num="93" count="1" type="stmt"/>
        <line num="94" count="1" type="stmt"/>
        <line num="96" count="1" type="stmt"/>
        <line num="100" count="13" type="cond" truecount="2" falsecount="0"/>
        <line num="101" count="3" type="stmt"/>
        <line num="102" count="2" type="cond" truecount="1" falsecount="1"/>
        <line num="103" count="2" type="stmt"/>
        <line num="104" count="2" type="stmt"/>
        <line num="105" count="2" type="stmt"/>
        <line num="106" count="2" type="stmt"/>
        <line num="108" count="2" type="stmt"/>
        <line num="112" count="13" type="stmt"/>
      </file>
      <file name="dismissal-tracker.ts" path="/Users/neetagundala/Projects/ai_code_assistant_new/ai-preflight/src/core/dismissal-tracker.ts">
        <metrics statements="17" coveredstatements="17" conditionals="6" coveredconditionals="6" methods="8" coveredmethods="8"/>
        <line num="11" count="20" type="stmt"/>
        <line num="35" count="10" type="cond" truecount="2" falsecount="0"/>
        <line num="38" count="15" type="stmt"/>
        <line num="41" count="10" type="stmt"/>
        <line num="43" count="9" type="stmt"/>
        <line num="44" count="9" type="stmt"/>
        <line num="48" count="2" type="stmt"/>
        <line num="49" count="2" type="stmt"/>
        <line num="55" count="14" type="stmt"/>
        <line num="56" count="11" type="stmt"/>
        <line num="57" count="11" type="stmt"/>
        <line num="58" count="11" type="cond" truecount="2" falsecount="0"/>
        <line num="59" count="4" type="stmt"/>
        <line num="60" count="4" type="stmt"/>
        <line num="63" count="11" type="cond" truecount="2" falsecount="0"/>
        <line num="64" count="4" type="stmt"/>
        <line num="67" count="11" type="stmt"/>
      </file>
      <file name="event-bus.ts" path="/Users/neetagundala/Projects/ai_code_assistant_new/ai-preflight/src/core/event-bus.ts">
        <metrics statements="13" coveredstatements="13" conditionals="4" coveredconditionals="4" methods="4" coveredmethods="4"/>
        <line num="10" count="6" type="stmt"/>
        <line num="16" count="7" type="cond" truecount="2" falsecount="0"/>
        <line num="17" count="5" type="stmt"/>
        <line num="19" count="7" type="stmt"/>
        <line num="22" count="7" type="stmt"/>
        <line num="23" count="1" type="stmt"/>
        <line num="28" count="6" type="stmt"/>
        <line num="29" count="6" type="cond" truecount="2" falsecount="0"/>
        <line num="31" count="4" type="stmt"/>
        <line num="32" count="5" type="stmt"/>
        <line num="33" count="5" type="stmt"/>
        <line num="35" count="1" type="stmt"/>
        <line num="41" count="1" type="stmt"/>
      </file>
      <file name="messages.ts" path="/Users/neetagundala/Projects/ai_code_assistant_new/ai-preflight/src/core/messages.ts">
        <metrics statements="0" coveredstatements="0" conditionals="0" coveredconditionals="0" methods="0" coveredmethods="0"/>
      </file>
      <file name="outcome-tracker.ts" path="/Users/neetagundala/Projects/ai_code_assistant_new/ai-preflight/src/core/outcome-tracker.ts">
        <metrics statements="69" coveredstatements="64" conditionals="28" coveredconditionals="19" methods="29" coveredmethods="27"/>
        <line num="20" count="1" type="stmt"/>
        <line num="21" count="1" type="stmt"/>
        <line num="32" count="14" type="stmt"/>
        <line num="34" count="14" type="stmt"/>
        <line num="35" count="14" type="cond" truecount="2" falsecount="0"/>
        <line num="36" count="14" type="stmt"/>
        <line num="40" count="75" type="stmt"/>
        <line num="43" count="1" type="stmt"/>
        <line num="44" count="3" type="stmt"/>
        <line num="46" count="3" type="stmt"/>
        <line num="47" count="1" type="stmt"/>
        <line num="52" count="75" type="stmt"/>
        <line num="53" count="75" type="cond" truecount="4" falsecount="0"/>
        <line num="54" count="62" type="stmt"/>
        <line num="61" count="75" type="stmt"/>
        <line num="62" count="75" type="stmt"/>
        <line num="63" count="75" type="stmt"/>
        <line num="67" count="73" type="stmt"/>
        <line num="68" count="73" type="stmt"/>
        <line num="73" count="1" type="stmt"/>
        <line num="74" count="1" type="cond" truecount="1" falsecount="1"/>
        <line num="75" count="1" type="stmt"/>
        <line num="77" count="1" type="stmt"/>
        <line num="81" count="61" type="stmt"/>
        <line num="82" count="61" type="stmt"/>
        <line num="85" count="61" type="cond" truecount="2" falsecount="0"/>
        <line num="86" count="2" type="stmt"/>
        <line num="89" count="61" type="stmt"/>
        <line num="90" count="61" type="stmt"/>
        <line num="94" count="11" type="stmt"/>
        <line num="95" count="64" type="stmt"/>
        <line num="96" count="64" type="stmt"/>
        <line num="98" count="11" type="stmt"/>
        <line num="99" count="11" type="stmt"/>
        <line num="100" count="63" type="cond" truecount="2" falsecount="0"/>
        <line num="103" count="11" type="stmt"/>
        <line num="108" count="11" type="stmt"/>
        <line num="109" count="65" type="stmt"/>
        <line num="112" count="11" type="stmt"/>
        <line num="122" count="2" type="stmt"/>
        <line num="123" count="2" type="stmt"/>
        <line num="126" count="2" type="stmt"/>
        <line num="127" count="8" type="stmt"/>
        <line num="129" count="2" type="stmt"/>
        <line num="130" count="8" type="stmt"/>
        <line num="133" count="2" type="cond" truecount="4" falsecount="0"/>
        <line num="134" count="1" type="stmt"/>
        <line num="135" count="3" type="stmt"/>
        <line num="136" count="5" type="stmt"/>
        <line num="137" count="1" type="stmt"/>
        <line num="138" count="4" type="stmt"/>
        <line num="139" count="3" type="stmt"/>
        <line num="141" count="1" type="stmt"/>
        <line num="142" count="1" type="stmt"/>
        <line num="143" count="1" type="cond" truecount="1" falsecount="3"/>
        <line num="145" count="1" type="stmt"/>
        <line num="157" count="2" type="stmt"/>
        <line num="158" count="8" type="stmt"/>
        <line num="160" count="2" type="stmt"/>
        <line num="161" count="8" type="stmt"/>
        <line num="164" count="2" type="cond" truecount="2" falsecount="2"/>
        <line num="165" count="0" type="stmt"/>
        <line num="166" count="0" type="stmt"/>
        <line num="167" count="0" type="stmt"/>
        <line num="168" count="0" type="stmt"/>
        <line num="170" count="0" type="stmt"/>
        <line num="178" count="2" type="stmt"/>
        <line num="182" count="75" type="stmt"/>
        <line num="192" count="210" type="stmt"/>
      </file>
      <file name="pipeline.ts" path="/Users/neetagundala/Projects/ai_code_assistant_new/ai-preflight/src/core/pipeline.ts">
        <metrics statements="8" coveredstatements="8" conditionals="38" coveredconditionals="31" methods="2" coveredmethods="2"/>
        <line num="12" count="14" type="stmt"/>
        <line num="19" count="14" type="stmt"/>
        <line num="20" count="50" type="stmt"/>
        <line num="21" count="50" type="stmt"/>
        <line num="22" count="50" type="stmt"/>
        <line num="40" count="1" type="stmt"/>
        <line num="44" count="14" type="stmt"/>
        <line num="49" count="14" type="stmt"/>
      </file>
    </package>
    <package name="core.analyzers">
      <metrics statements="398" coveredstatements="395" conditionals="304" coveredconditionals="282" methods="52" coveredmethods="52"/>
      <file name="index.ts" path="/Users/neetagundala/Projects/ai_code_assistant_new/ai-preflight/src/core/analyzers/index.ts">
        <metrics statements="0" coveredstatements="0" conditionals="0" coveredconditionals="0" methods="0" coveredmethods="0"/>
      </file>
      <file name="positive-signals.ts" path="/Users/neetagundala/Projects/ai_code_assistant_new/ai-preflight/src/core/analyzers/positive-signals.ts">
        <metrics statements="16" coveredstatements="16" conditionals="25" coveredconditionals="23" methods="2" coveredmethods="2"/>
        <line num="15" count="20" type="stmt"/>
        <line num="18" count="20" type="cond" truecount="1" falsecount="1"/>
        <line num="19" count="20" type="stmt"/>
        <line num="20" count="20" type="cond" truecount="6" falsecount="0"/>
        <line num="21" count="4" type="stmt"/>
        <line num="29" count="20" type="cond" truecount="2" falsecount="0"/>
        <line num="36" count="2" type="stmt"/>
        <line num="44" count="20" type="cond" truecount="2" falsecount="0"/>
        <line num="45" count="8" type="stmt"/>
        <line num="53" count="20" type="cond" truecount="2" falsecount="0"/>
        <line num="54" count="6" type="stmt"/>
        <line num="56" count="43" type="stmt"/>
        <line num="57" count="43" type="cond" truecount="3" falsecount="1"/>
        <line num="60" count="6" type="cond" truecount="2" falsecount="0"/>
        <line num="61" count="3" type="stmt"/>
        <line num="69" count="20" type="stmt"/>
      </file>
      <file name="prompt-analyzer.ts" path="/Users/neetagundala/Projects/ai_code_assistant_new/ai-preflight/src/core/analyzers/prompt-analyzer.ts">
        <metrics statements="128" coveredstatements="127" conditionals="72" coveredconditionals="61" methods="16" coveredmethods="16"/>
        <line num="16" count="28" type="stmt"/>
        <line num="18" count="28" type="cond" truecount="2" falsecount="0"/>
        <line num="19" count="2" type="stmt"/>
        <line num="22" count="26" type="stmt"/>
        <line num="23" count="26" type="stmt"/>
        <line num="24" count="26" type="stmt"/>
        <line num="25" count="26" type="stmt"/>
        <line num="26" count="26" type="stmt"/>
        <line num="27" count="26" type="stmt"/>
        <line num="28" count="26" type="stmt"/>
        <line num="29" count="26" type="stmt"/>
        <line num="31" count="26" type="stmt"/>
        <line num="44" count="2" type="stmt"/>
        <line num="58" count="1" type="stmt"/>
        <line num="68" count="26" type="stmt"/>
        <line num="69" count="70" type="cond" truecount="2" falsecount="0"/>
        <line num="70" count="25" type="stmt"/>
        <line num="73" count="1" type="stmt"/>
        <line num="85" count="1" type="stmt"/>
        <line num="103" count="1" type="stmt"/>
        <line num="109" count="1" type="stmt"/>
        <line num="110" count="1" type="stmt"/>
        <line num="111" count="1" type="stmt"/>
        <line num="114" count="31" type="stmt"/>
        <line num="115" count="31" type="stmt"/>
        <line num="116" count="31" type="stmt"/>
        <line num="120" count="31" type="stmt"/>
        <line num="121" count="31" type="stmt"/>
        <line num="122" count="3" type="stmt"/>
        <line num="123" count="3" type="stmt"/>
        <line num="124" count="3" type="stmt"/>
        <line num="128" count="31" type="stmt"/>
        <line num="129" count="31" type="stmt"/>
        <line num="130" count="1" type="stmt"/>
        <line num="131" count="1" type="stmt"/>
        <line num="132" count="3" type="cond" truecount="4" falsecount="1"/>
        <line num="133" count="3" type="stmt"/>
        <line num="134" count="3" type="stmt"/>
        <line num="140" count="31" type="stmt"/>
        <line num="141" count="31" type="stmt"/>
        <line num="142" count="15" type="stmt"/>
        <line num="143" count="15" type="cond" truecount="3" falsecount="1"/>
        <line num="144" count="15" type="stmt"/>
        <line num="145" count="15" type="stmt"/>
        <line num="150" count="31" type="stmt"/>
        <line num="153" count="135" type="cond" truecount="3" falsecount="0"/>
        <line num="155" count="31" type="stmt"/>
        <line num="156" count="59" type="stmt"/>
        <line num="159" count="31" type="stmt"/>
        <line num="168" count="26" type="cond" truecount="2" falsecount="0"/>
        <line num="170" count="24" type="stmt"/>
        <line num="172" count="35" type="stmt"/>
        <line num="175" count="26" type="stmt"/>
        <line num="177" count="35" type="stmt"/>
        <line num="178" count="57" type="stmt"/>
        <line num="180" count="12" type="stmt"/>
        <line num="189" count="1" type="stmt"/>
        <line num="198" count="26" type="stmt"/>
        <line num="201" count="26" type="stmt"/>
        <line num="202" count="26" type="stmt"/>
        <line num="203" count="38" type="stmt"/>
        <line num="204" count="38" type="cond" truecount="1" falsecount="1"/>
        <line num="206" count="26" type="cond" truecount="2" falsecount="0"/>
        <line num="207" count="25" type="stmt"/>
        <line num="208" count="25" type="cond" truecount="1" falsecount="1"/>
        <line num="212" count="26" type="stmt"/>
        <line num="214" count="26" type="stmt"/>
        <line num="215" count="2" type="stmt"/>
        <line num="216" count="2" type="cond" truecount="2" falsecount="0"/>
        <line num="217" count="1" type="stmt"/>
        <line num="222" count="26" type="cond" truecount="2" falsecount="0"/>
        <line num="223" count="1" type="stmt"/>
        <line num="224" count="2" type="stmt"/>
        <line num="225" count="2" type="stmt"/>
        <line num="226" count="2" type="stmt"/>
        <line num="227" count="2" type="cond" truecount="1" falsecount="1"/>
        <line num="228" count="2" type="cond" truecount="3" falsecount="1"/>
        <line num="229" count="2" type="stmt"/>
        <line num="238" count="26" type="stmt"/>
        <line num="252" count="26" type="cond" truecount="2" falsecount="0"/>
        <line num="254" count="15" type="stmt"/>
        <line num="256" count="15" type="stmt"/>
        <line num="257" count="23" type="cond" truecount="2" falsecount="0"/>
        <line num="258" count="9" type="cond" truecount="2" falsecount="0"/>
        <line num="260" count="6" type="stmt"/>
        <line num="263" count="6" type="stmt"/>
        <line num="264" count="6" type="cond" truecount="1" falsecount="1"/>
        <line num="266" count="6" type="stmt"/>
        <line num="269" count="15" type="stmt"/>
        <line num="279" count="26" type="stmt"/>
        <line num="280" count="26" type="stmt"/>
        <line num="281" count="156" type="stmt"/>
        <line num="282" count="156" type="cond" truecount="2" falsecount="0"/>
        <line num="283" count="29" type="stmt"/>
        <line num="287" count="26" type="cond" truecount="2" falsecount="0"/>
        <line num="288" count="1" type="stmt"/>
        <line num="292" count="25" type="stmt"/>
        <line num="293" count="25" type="cond" truecount="4" falsecount="0"/>
        <line num="294" count="1" type="stmt"/>
        <line num="298" count="24" type="stmt"/>
        <line num="302" count="94" type="cond" truecount="2" falsecount="0"/>
        <line num="304" count="24" type="cond" truecount="2" falsecount="0"/>
        <line num="305" count="6" type="stmt"/>
        <line num="309" count="18" type="cond" truecount="2" falsecount="0"/>
        <line num="310" count="26" type="cond" truecount="1" falsecount="1"/>
        <line num="311" count="0" type="stmt"/>
        <line num="314" count="18" type="stmt"/>
        <line num="324" count="26" type="stmt"/>
        <line num="325" count="26" type="cond" truecount="2" falsecount="0"/>
        <line num="326" count="25" type="stmt"/>
        <line num="328" count="26" type="stmt"/>
        <line num="329" count="38" type="cond" truecount="2" falsecount="0"/>
        <line num="330" count="13" type="stmt"/>
        <line num="334" count="26" type="stmt"/>
        <line num="335" count="26" type="stmt"/>
        <line num="336" count="12" type="stmt"/>
        <line num="337" count="12" type="cond" truecount="1" falsecount="1"/>
        <line num="338" count="12" type="cond" truecount="2" falsecount="0"/>
        <line num="339" count="12" type="stmt"/>
        <line num="340" count="12" type="stmt"/>
        <line num="344" count="26" type="stmt"/>
        <line num="345" count="26" type="stmt"/>
        <line num="346" count="6" type="stmt"/>
        <line num="347" count="6" type="cond" truecount="1" falsecount="1"/>
        <line num="348" count="6" type="cond" truecount="1" falsecount="1"/>
        <line num="349" count="6" type="stmt"/>
        <line num="350" count="6" type="stmt"/>
        <line num="354" count="26" type="stmt"/>
      </file>
      <file name="risk-scorer.ts" path="/Users/neetagundala/Projects/ai_code_assistant_new/ai-preflight/src/core/analyzers/risk-scorer.ts">
        <metrics statements="9" coveredstatements="9" conditionals="12" coveredconditionals="11" methods="1" coveredmethods="1"/>
        <line num="19" count="17" type="stmt"/>
        <line num="20" count="17" type="cond" truecount="2" falsecount="0"/>
        <line num="22" count="16" type="cond" truecount="1" falsecount="1"/>
        <line num="24" count="17" type="stmt"/>
        <line num="26" count="17" type="cond" truecount="4" falsecount="0"/>
        <line num="27" count="3" type="stmt"/>
        <line num="28" count="13" type="cond" truecount="4" falsecount="0"/>
        <line num="29" count="3" type="stmt"/>
        <line num="32" count="16" type="stmt"/>
      </file>
      <file name="token-estimator.ts" path="/Users/neetagundala/Projects/ai_code_assistant_new/ai-preflight/src/core/analyzers/token-estimator.ts">
        <metrics statements="42" coveredstatements="42" conditionals="32" coveredconditionals="28" methods="9" coveredmethods="9"/>
        <line num="27" count="28" type="stmt"/>
        <line num="29" count="28" type="stmt"/>
        <line num="30" count="28" type="stmt"/>
        <line num="31" count="28" type="stmt"/>
        <line num="33" count="28" type="stmt"/>
        <line num="34" count="28" type="stmt"/>
        <line num="37" count="85" type="stmt"/>
        <line num="47" count="28" type="stmt"/>
        <line num="65" count="28" type="stmt"/>
        <line num="66" count="28" type="stmt"/>
        <line num="68" count="28" type="cond" truecount="2" falsecount="0"/>
        <line num="69" count="22" type="stmt"/>
        <line num="74" count="22" type="stmt"/>
        <line num="77" count="28" type="cond" truecount="2" falsecount="0"/>
        <line num="79" count="4" type="cond" truecount="1" falsecount="1"/>
        <line num="80" count="4" type="stmt"/>
        <line num="85" count="4" type="stmt"/>
        <line num="88" count="28" type="stmt"/>
        <line num="89" count="62" type="cond" truecount="2" falsecount="0"/>
        <line num="90" count="49" type="stmt"/>
        <line num="91" count="49" type="stmt"/>
        <line num="96" count="49" type="stmt"/>
        <line num="100" count="28" type="stmt"/>
        <line num="101" count="6" type="stmt"/>
        <line num="106" count="6" type="stmt"/>
        <line num="109" count="28" type="cond" truecount="2" falsecount="0"/>
        <line num="110" count="4" type="stmt"/>
        <line num="115" count="4" type="stmt"/>
        <line num="118" count="28" type="stmt"/>
        <line num="122" count="28" type="cond" truecount="2" falsecount="0"/>
        <line num="123" count="10" type="cond" truecount="2" falsecount="0"/>
        <line num="124" count="7" type="stmt"/>
        <line num="128" count="28" type="stmt"/>
        <line num="132" count="28" type="stmt"/>
        <line num="133" count="62" type="stmt"/>
        <line num="134" count="49" type="cond" truecount="1" falsecount="1"/>
        <line num="136" count="28" type="stmt"/>
        <line num="145" count="28" type="cond" truecount="4" falsecount="0"/>
        <line num="146" count="5" type="stmt"/>
        <line num="148" count="23" type="cond" truecount="4" falsecount="0"/>
        <line num="149" count="7" type="stmt"/>
        <line num="151" count="16" type="stmt"/>
      </file>
      <file name="tool-aware-analyzer.ts" path="/Users/neetagundala/Projects/ai_code_assistant_new/ai-preflight/src/core/analyzers/tool-aware-analyzer.ts">
        <metrics statements="104" coveredstatements="102" conditionals="71" coveredconditionals="68" methods="13" coveredmethods="13"/>
        <line num="28" count="53" type="cond" truecount="2" falsecount="0"/>
        <line num="29" count="7" type="stmt"/>
        <line num="32" count="46" type="stmt"/>
        <line num="33" count="46" type="cond" truecount="1" falsecount="1"/>
        <line num="35" count="46" type="stmt"/>
        <line num="36" count="46" type="stmt"/>
        <line num="37" count="46" type="stmt"/>
        <line num="38" count="46" type="cond" truecount="2" falsecount="0"/>
        <line num="41" count="53" type="stmt"/>
        <line num="44" count="53" type="stmt"/>
        <line num="45" count="53" type="stmt"/>
        <line num="48" count="53" type="stmt"/>
        <line num="49" count="53" type="cond" truecount="2" falsecount="0"/>
        <line num="52" count="53" type="stmt"/>
        <line num="53" count="53" type="cond" truecount="2" falsecount="0"/>
        <line num="56" count="53" type="stmt"/>
        <line num="59" count="53" type="stmt"/>
        <line num="60" count="53" type="cond" truecount="2" falsecount="0"/>
        <line num="63" count="53" type="stmt"/>
        <line num="64" count="53" type="cond" truecount="2" falsecount="0"/>
        <line num="67" count="53" type="cond" truecount="2" falsecount="0"/>
        <line num="68" count="45" type="stmt"/>
        <line num="71" count="46" type="stmt"/>
        <line num="86" count="46" type="stmt"/>
        <line num="87" count="46" type="cond" truecount="4" falsecount="0"/>
        <line num="89" count="45" type="stmt"/>
        <line num="90" count="45" type="stmt"/>
        <line num="94" count="45" type="stmt"/>
        <line num="95" count="45" type="cond" truecount="1" falsecount="1"/>
        <line num="99" count="46" type="stmt"/>
        <line num="116" count="46" type="cond" truecount="2" falsecount="0"/>
        <line num="119" count="44" type="stmt"/>
        <line num="120" count="9" type="stmt"/>
        <line num="121" count="10" type="cond" truecount="2" falsecount="0"/>
        <line num="125" count="44" type="cond" truecount="2" falsecount="0"/>
        <line num="126" count="37" type="stmt"/>
        <line num="127" count="37" type="stmt"/>
        <line num="149" count="46" type="stmt"/>
        <line num="150" count="9" type="cond" truecount="2" falsecount="0"/>
        <line num="151" count="1" type="stmt"/>
        <line num="159" count="1" type="stmt"/>
        <line num="165" count="8" type="cond" truecount="2" falsecount="0"/>
        <line num="166" count="1" type="stmt"/>
        <line num="174" count="1" type="stmt"/>
        <line num="180" count="7" type="cond" truecount="2" falsecount="0"/>
        <line num="181" count="1" type="stmt"/>
        <line num="189" count="1" type="stmt"/>
        <line num="207" count="46" type="cond" truecount="2" falsecount="0"/>
        <line num="209" count="34" type="stmt"/>
        <line num="210" count="34" type="stmt"/>
        <line num="213" count="34" type="cond" truecount="2" falsecount="0"/>
        <line num="214" count="33" type="stmt"/>
        <line num="215" count="33" type="stmt"/>
        <line num="231" count="3" type="stmt"/>
        <line num="238" count="3" type="stmt"/>
        <line num="250" count="46" type="stmt"/>
        <line num="252" count="46" type="cond" truecount="2" falsecount="0"/>
        <line num="254" count="14" type="stmt"/>
        <line num="257" count="14" type="cond" truecount="2" falsecount="0"/>
        <line num="258" count="7" type="cond" truecount="2" falsecount="0"/>
        <line num="259" count="5" type="stmt"/>
        <line num="264" count="14" type="cond" truecount="2" falsecount="0"/>
        <line num="265" count="7" type="cond" truecount="2" falsecount="0"/>
        <line num="266" count="5" type="stmt"/>
        <line num="270" count="14" type="stmt"/>
        <line num="281" count="46" type="cond" truecount="2" falsecount="0"/>
        <line num="282" count="1" type="stmt"/>
        <line num="289" count="1" type="stmt"/>
        <line num="295" count="45" type="cond" truecount="2" falsecount="0"/>
        <line num="296" count="1" type="stmt"/>
        <line num="303" count="1" type="stmt"/>
        <line num="314" count="3" type="stmt"/>
        <line num="327" count="46" type="cond" truecount="2" falsecount="0"/>
        <line num="330" count="5" type="stmt"/>
        <line num="331" count="5" type="stmt"/>
        <line num="333" count="10" type="stmt"/>
        <line num="335" count="10" type="stmt"/>
        <line num="336" count="7" type="stmt"/>
        <line num="340" count="5" type="cond" truecount="2" falsecount="0"/>
        <line num="343" count="4" type="stmt"/>
        <line num="344" count="4" type="stmt"/>
        <line num="345" count="5" type="stmt"/>
        <line num="346" count="5" type="stmt"/>
        <line num="348" count="4" type="stmt"/>
        <line num="349" count="0" type="stmt"/>
        <line num="350" count="0" type="stmt"/>
        <line num="354" count="4" type="stmt"/>
        <line num="355" count="4" type="stmt"/>
        <line num="357" count="7" type="stmt"/>
        <line num="360" count="7" type="cond" truecount="5" falsecount="0"/>
        <line num="365" count="7" type="cond" truecount="2" falsecount="0"/>
        <line num="366" count="6" type="stmt"/>
        <line num="370" count="4" type="cond" truecount="2" falsecount="0"/>
        <line num="371" count="3" type="stmt"/>
        <line num="378" count="3" type="stmt"/>
        <line num="388" count="12" type="stmt"/>
        <line num="389" count="12" type="cond" truecount="1" falsecount="1"/>
        <line num="391" count="12" type="stmt"/>
        <line num="402" count="45" type="cond" truecount="2" falsecount="0"/>
        <line num="403" count="1" type="stmt"/>
        <line num="410" count="1" type="stmt"/>
        <line num="416" count="44" type="cond" truecount="2" falsecount="0"/>
        <line num="417" count="1" type="stmt"/>
        <line num="424" count="1" type="stmt"/>
      </file>
      <file name="waste-detector.ts" path="/Users/neetagundala/Projects/ai_code_assistant_new/ai-preflight/src/core/analyzers/waste-detector.ts">
        <metrics statements="99" coveredstatements="99" conditionals="92" coveredconditionals="91" methods="11" coveredmethods="11"/>
        <line num="8" count="3" type="stmt"/>
        <line num="9" count="3" type="stmt"/>
        <line num="10" count="3" type="stmt"/>
        <line num="11" count="3" type="stmt"/>
        <line num="12" count="3" type="stmt"/>
        <line num="13" count="3" type="stmt"/>
        <line num="14" count="3" type="stmt"/>
        <line num="15" count="3" type="stmt"/>
        <line num="16" count="3" type="stmt"/>
        <line num="17" count="3" type="stmt"/>
        <line num="19" count="3" type="stmt"/>
        <line num="20" count="3" type="stmt"/>
        <line num="21" count="3" type="stmt"/>
        <line num="22" count="3" type="stmt"/>
        <line num="23" count="3" type="stmt"/>
        <line num="33" count="62" type="stmt"/>
        <line num="34" count="62" type="stmt"/>
        <line num="35" count="62" type="cond" truecount="2" falsecount="0"/>
        <line num="38" count="62" type="cond" truecount="2" falsecount="0"/>
        <line num="42" count="4" type="stmt"/>
        <line num="49" count="4" type="stmt"/>
        <line num="58" count="62" type="cond" truecount="2" falsecount="0"/>
        <line num="63" count="9" type="stmt"/>
        <line num="72" count="9" type="stmt"/>
        <line num="85" count="62" type="stmt"/>
        <line num="86" count="137" type="stmt"/>
        <line num="89" count="62" type="cond" truecount="4" falsecount="0"/>
        <line num="92" count="62" type="cond" truecount="2" falsecount="0"/>
        <line num="93" count="3" type="stmt"/>
        <line num="100" count="3" type="stmt"/>
        <line num="114" count="62" type="stmt"/>
        <line num="115" count="137" type="stmt"/>
        <line num="118" count="62" type="cond" truecount="4" falsecount="0"/>
        <line num="121" count="62" type="cond" truecount="2" falsecount="0"/>
        <line num="122" count="4" type="stmt"/>
        <line num="129" count="4" type="stmt"/>
        <line num="143" count="62" type="cond" truecount="2" falsecount="0"/>
        <line num="147" count="3" type="stmt"/>
        <line num="154" count="3" type="stmt"/>
        <line num="163" count="62" type="cond" truecount="2" falsecount="0"/>
        <line num="164" count="5" type="stmt"/>
        <line num="171" count="5" type="stmt"/>
        <line num="184" count="62" type="cond" truecount="2" falsecount="0"/>
        <line num="185" count="2" type="stmt"/>
        <line num="192" count="2" type="stmt"/>
        <line num="201" count="62" type="cond" truecount="4" falsecount="0"/>
        <line num="202" count="3" type="stmt"/>
        <line num="209" count="3" type="stmt"/>
        <line num="223" count="62" type="stmt"/>
        <line num="224" count="137" type="stmt"/>
        <line num="226" count="62" type="stmt"/>
        <line num="227" count="137" type="stmt"/>
        <line num="229" count="62" type="cond" truecount="2" falsecount="0"/>
        <line num="234" count="3" type="stmt"/>
        <line num="241" count="3" type="stmt"/>
        <line num="254" count="62" type="cond" truecount="2" falsecount="0"/>
        <line num="255" count="15" type="stmt"/>
        <line num="257" count="111" type="stmt"/>
        <line num="258" count="111" type="cond" truecount="2" falsecount="0"/>
        <line num="259" count="38" type="stmt"/>
        <line num="261" count="73" type="cond" truecount="2" falsecount="0"/>
        <line num="264" count="15" type="cond" truecount="2" falsecount="0"/>
        <line num="265" count="2" type="stmt"/>
        <line num="272" count="2" type="stmt"/>
        <line num="286" count="62" type="cond" truecount="2" falsecount="0"/>
        <line num="291" count="9" type="stmt"/>
        <line num="298" count="9" type="stmt"/>
        <line num="311" count="62" type="cond" truecount="2" falsecount="0"/>
        <line num="317" count="1" type="stmt"/>
        <line num="320" count="1" type="stmt"/>
        <line num="327" count="1" type="stmt"/>
        <line num="336" count="62" type="stmt"/>
        <line num="337" count="62" type="stmt"/>
        <line num="338" count="137" type="cond" truecount="2" falsecount="0"/>
        <line num="340" count="62" type="stmt"/>
        <line num="341" count="135" type="stmt"/>
        <line num="343" count="62" type="cond" truecount="2" falsecount="0"/>
        <line num="344" count="2" type="stmt"/>
        <line num="351" count="2" type="stmt"/>
        <line num="364" count="62" type="cond" truecount="4" falsecount="0"/>
        <line num="365" count="2" type="stmt"/>
        <line num="372" count="2" type="stmt"/>
        <line num="383" count="62" type="stmt"/>
        <line num="384" count="62" type="stmt"/>
        <line num="385" count="163" type="cond" truecount="3" falsecount="0"/>
        <line num="388" count="137" type="cond" truecount="2" falsecount="0"/>
        <line num="390" count="62" type="cond" truecount="4" falsecount="0"/>
        <line num="393" count="62" type="cond" truecount="2" falsecount="0"/>
        <line num="395" count="5" type="cond" truecount="2" falsecount="0"/>
        <line num="398" count="5" type="stmt"/>
        <line num="405" count="5" type="stmt"/>
        <line num="419" count="62" type="cond" truecount="4" falsecount="0"/>
        <line num="420" count="50" type="stmt"/>
        <line num="422" count="98" type="cond" truecount="3" falsecount="0"/>
        <line num="426" count="50" type="cond" truecount="2" falsecount="0"/>
        <line num="427" count="1" type="stmt"/>
        <line num="434" count="1" type="stmt"/>
        <line num="447" count="62" type="stmt"/>
        <line num="451" count="565" type="cond" truecount="1" falsecount="1"/>
      </file>
    </package>
  </project>
</coverage>
