{"/Users/neetagundala/Projects/ai_code_assistant_new/ai-preflight/src/core/ai-tools.ts": {"path":"/Users/neetagundala/Projects/ai_code_assistant_new/ai-preflight/src/core/ai-tools.ts","statementMap":{"0":{"start":{"line":25,"column":60},"end":{"line":92,"column":null}},"1":{"start":{"line":101,"column":15},"end":{"line":101,"column":null}},"2":{"start":{"line":102,"column":2},"end":{"line":102,"column":null}},"3":{"start":{"line":102,"column":13},"end":{"line":102,"column":null}},"4":{"start":{"line":103,"column":2},"end":{"line":105,"column":null}},"5":{"start":{"line":104,"column":18},"end":{"line":104,"column":59}},"6":{"start":{"line":104,"column":42},"end":{"line":104,"column":59}},"7":{"start":{"line":105,"column":4},"end":{"line":105,"column":null}},"8":{"start":{"line":105,"column":15},"end":{"line":105,"column":null}},"9":{"start":{"line":107,"column":2},"end":{"line":107,"column":null}}},"fnMap":{"0":{"name":"getContextWindowTokens","decl":{"start":{"line":97,"column":16},"end":{"line":97,"column":null}},"loc":{"start":{"line":100,"column":10},"end":{"line":107,"column":null}},"line":100},"1":{"name":"(anonymous_1)","decl":{"start":{"line":104,"column":30},"end":{"line":104,"column":36}},"loc":{"start":{"line":104,"column":42},"end":{"line":104,"column":59}},"line":104}},"branchMap":{"0":{"loc":{"start":{"line":102,"column":2},"end":{"line":102,"column":null}},"type":"if","locations":[{"start":{"line":102,"column":2},"end":{"line":102,"column":null}},{"start":{},"end":{}}],"line":102},"1":{"loc":{"start":{"line":103,"column":2},"end":{"line":105,"column":null}},"type":"if","locations":[{"start":{"line":103,"column":2},"end":{"line":105,"column":null}},{"start":{},"end":{}}],"line":103},"2":{"loc":{"start":{"line":103,"column":6},"end":{"line":103,"column":30}},"type":"binary-expr","locations":[{"start":{"line":103,"column":6},"end":{"line":103,"column":17}},{"start":{"line":103,"column":17},"end":{"line":103,"column":30}}],"line":103},"3":{"loc":{"start":{"line":105,"column":4},"end":{"line":105,"column":null}},"type":"if","locations":[{"start":{"line":105,"column":4},"end":{"line":105,"column":null}},{"start":{},"end":{}}],"line":105}},"s":{"0":4,"1":58,"2":58,"3":0,"4":58,"5":10,"6":23,"7":10,"8":8,"9":50},"f":{"0":58,"1":23},"b":{"0":[0,58],"1":[10,48],"2":[58,11],"3":[8,2]},"meta":{"lastBranch":4,"lastFunction":2,"lastStatement":10,"seen":{"s:25:60:92:Infinity":0,"f:97:16:97:Infinity":0,"s:101:15:101:Infinity":1,"b:102:2:102:Infinity:undefined:undefined:undefined:undefined":0,"s:102:2:102:Infinity":2,"s:102:13:102:Infinity":3,"b:103:2:105:Infinity:undefined:undefined:undefined:undefined":1,"s:103:2:105:Infinity":4,"b:103:6:103:17:103:17:103:30":2,"s:104:18:104:59":5,"f:104:30:104:36":1,"s:104:42:104:59":6,"b:105:4:105:Infinity:undefined:undefined:undefined:undefined":3,"s:105:4:105:Infinity":7,"s:105:15:105:Infinity":8,"s:107:2:107:Infinity":9}}}
,"/Users/neetagundala/Projects/ai_code_assistant_new/ai-preflight/src/core/context-export.ts": {"path":"/Users/neetagundala/Projects/ai_code_assistant_new/ai-preflight/src/core/context-export.ts","statementMap":{"0":{"start":{"line":12,"column":26},"end":{"line":12,"column":28}},"1":{"start":{"line":14,"column":2},"end":{"line":14,"column":null}},"2":{"start":{"line":15,"column":2},"end":{"line":15,"column":null}},"3":{"start":{"line":16,"column":2},"end":{"line":18,"column":null}},"4":{"start":{"line":19,"column":2},"end":{"line":21,"column":null}},"5":{"start":{"line":22,"column":2},"end":{"line":22,"column":null}},"6":{"start":{"line":25,"column":2},"end":{"line":25,"column":null}},"7":{"start":{"line":26,"column":2},"end":{"line":26,"column":null}},"8":{"start":{"line":27,"column":2},"end":{"line":32,"column":null}},"9":{"start":{"line":28,"column":4},"end":{"line":30,"column":null}},"10":{"start":{"line":32,"column":4},"end":{"line":32,"column":null}},"11":{"start":{"line":36,"column":2},"end":{"line":39,"column":null}},"12":{"start":{"line":37,"column":4},"end":{"line":39,"column":null}},"13":{"start":{"line":43,"column":2},"end":{"line":46,"column":null}},"14":{"start":{"line":44,"column":4},"end":{"line":44,"column":null}},"15":{"start":{"line":45,"column":4},"end":{"line":46,"column":null}},"16":{"start":{"line":46,"column":6},"end":{"line":46,"column":null}},"17":{"start":{"line":51,"column":2},"end":{"line":54,"column":null}},"18":{"start":{"line":52,"column":4},"end":{"line":54,"column":null}},"19":{"start":{"line":58,"column":2},"end":{"line":61,"column":null}},"20":{"start":{"line":59,"column":4},"end":{"line":61,"column":null}},"21":{"start":{"line":60,"column":68},"end":{"line":60,"column":75}},"22":{"start":{"line":65,"column":2},"end":{"line":72,"column":null}},"23":{"start":{"line":66,"column":4},"end":{"line":66,"column":null}},"24":{"start":{"line":67,"column":4},"end":{"line":67,"column":null}},"25":{"start":{"line":68,"column":4},"end":{"line":68,"column":null}},"26":{"start":{"line":69,"column":4},"end":{"line":72,"column":null}},"27":{"start":{"line":70,"column":12},"end":{"line":70,"column":64}},"28":{"start":{"line":71,"column":12},"end":{"line":71,"column":66}},"29":{"start":{"line":72,"column":6},"end":{"line":72,"column":null}},"30":{"start":{"line":76,"column":2},"end":{"line":76,"column":null}},"31":{"start":{"line":79,"column":2},"end":{"line":86,"column":null}},"32":{"start":{"line":80,"column":4},"end":{"line":80,"column":null}},"33":{"start":{"line":81,"column":4},"end":{"line":81,"column":null}},"34":{"start":{"line":82,"column":4},"end":{"line":84,"column":null}},"35":{"start":{"line":83,"column":19},"end":{"line":83,"column":null}},"36":{"start":{"line":84,"column":6},"end":{"line":84,"column":null}},"37":{"start":{"line":86,"column":4},"end":{"line":86,"column":null}},"38":{"start":{"line":90,"column":2},"end":{"line":96,"column":null}},"39":{"start":{"line":91,"column":4},"end":{"line":91,"column":null}},"40":{"start":{"line":92,"column":4},"end":{"line":92,"column":null}},"41":{"start":{"line":93,"column":4},"end":{"line":94,"column":null}},"42":{"start":{"line":94,"column":6},"end":{"line":94,"column":null}},"43":{"start":{"line":96,"column":4},"end":{"line":96,"column":null}},"44":{"start":{"line":100,"column":2},"end":{"line":108,"column":null}},"45":{"start":{"line":101,"column":19},"end":{"line":101,"column":65}},"46":{"start":{"line":101,"column":52},"end":{"line":101,"column":65}},"47":{"start":{"line":102,"column":4},"end":{"line":108,"column":null}},"48":{"start":{"line":103,"column":6},"end":{"line":103,"column":null}},"49":{"start":{"line":104,"column":6},"end":{"line":104,"column":null}},"50":{"start":{"line":105,"column":6},"end":{"line":106,"column":null}},"51":{"start":{"line":106,"column":8},"end":{"line":106,"column":null}},"52":{"start":{"line":108,"column":6},"end":{"line":108,"column":null}},"53":{"start":{"line":112,"column":2},"end":{"line":112,"column":null}}},"fnMap":{"0":{"name":"exportContext","decl":{"start":{"line":8,"column":16},"end":{"line":8,"column":null}},"loc":{"start":{"line":11,"column":10},"end":{"line":112,"column":null}},"line":11},"1":{"name":"(anonymous_1)","decl":{"start":{"line":60,"column":59},"end":{"line":60,"column":63}},"loc":{"start":{"line":60,"column":68},"end":{"line":60,"column":75}},"line":60},"2":{"name":"(anonymous_2)","decl":{"start":{"line":101,"column":38},"end":{"line":101,"column":46}},"loc":{"start":{"line":101,"column":52},"end":{"line":101,"column":65}},"line":101}},"branchMap":{"0":{"loc":{"start":{"line":27,"column":2},"end":{"line":32,"column":null}},"type":"if","locations":[{"start":{"line":27,"column":2},"end":{"line":32,"column":null}},{"start":{"line":31,"column":9},"end":{"line":32,"column":null}}],"line":27},"1":{"loc":{"start":{"line":36,"column":2},"end":{"line":39,"column":null}},"type":"if","locations":[{"start":{"line":36,"column":2},"end":{"line":39,"column":null}},{"start":{},"end":{}}],"line":36},"2":{"loc":{"start":{"line":43,"column":2},"end":{"line":46,"column":null}},"type":"if","locations":[{"start":{"line":43,"column":2},"end":{"line":46,"column":null}},{"start":{},"end":{}}],"line":43},"3":{"loc":{"start":{"line":51,"column":2},"end":{"line":54,"column":null}},"type":"if","locations":[{"start":{"line":51,"column":2},"end":{"line":54,"column":null}},{"start":{},"end":{}}],"line":51},"4":{"loc":{"start":{"line":58,"column":2},"end":{"line":61,"column":null}},"type":"if","locations":[{"start":{"line":58,"column":2},"end":{"line":61,"column":null}},{"start":{},"end":{}}],"line":58},"5":{"loc":{"start":{"line":65,"column":2},"end":{"line":72,"column":null}},"type":"if","locations":[{"start":{"line":65,"column":2},"end":{"line":72,"column":null}},{"start":{},"end":{}}],"line":65},"6":{"loc":{"start":{"line":79,"column":2},"end":{"line":86,"column":null}},"type":"if","locations":[{"start":{"line":79,"column":2},"end":{"line":86,"column":null}},{"start":{},"end":{}}],"line":79},"7":{"loc":{"start":{"line":83,"column":19},"end":{"line":83,"column":null}},"type":"cond-expr","locations":[{"start":{"line":83,"column":47},"end":{"line":83,"column":54}},{"start":{"line":83,"column":54},"end":{"line":83,"column":null}}],"line":83},"8":{"loc":{"start":{"line":90,"column":2},"end":{"line":96,"column":null}},"type":"if","locations":[{"start":{"line":90,"column":2},"end":{"line":96,"column":null}},{"start":{},"end":{}}],"line":90},"9":{"loc":{"start":{"line":100,"column":2},"end":{"line":108,"column":null}},"type":"if","locations":[{"start":{"line":100,"column":2},"end":{"line":108,"column":null}},{"start":{},"end":{}}],"line":100},"10":{"loc":{"start":{"line":102,"column":4},"end":{"line":108,"column":null}},"type":"if","locations":[{"start":{"line":102,"column":4},"end":{"line":108,"column":null}},{"start":{},"end":{}}],"line":102}},"s":{"0":13,"1":13,"2":13,"3":13,"4":13,"5":13,"6":13,"7":13,"8":13,"9":1,"10":12,"11":13,"12":1,"13":13,"14":1,"15":1,"16":2,"17":13,"18":1,"19":13,"20":1,"21":2,"22":13,"23":0,"24":0,"25":0,"26":0,"27":0,"28":0,"29":0,"30":13,"31":13,"32":1,"33":1,"34":1,"35":1,"36":1,"37":1,"38":13,"39":1,"40":1,"41":1,"42":1,"43":1,"44":13,"45":2,"46":3,"47":2,"48":2,"49":2,"50":2,"51":2,"52":2,"53":13},"f":{"0":13,"1":2,"2":3},"b":{"0":[1,12],"1":[1,12],"2":[1,12],"3":[1,12],"4":[1,12],"5":[0,13],"6":[1,12],"7":[1,0],"8":[1,12],"9":[2,11],"10":[2,0]},"meta":{"lastBranch":11,"lastFunction":3,"lastStatement":54,"seen":{"f:8:16:8:Infinity":0,"s:12:26:12:28":0,"s:14:2:14:Infinity":1,"s:15:2:15:Infinity":2,"s:16:2:18:Infinity":3,"s:19:2:21:Infinity":4,"s:22:2:22:Infinity":5,"s:25:2:25:Infinity":6,"s:26:2:26:Infinity":7,"b:27:2:32:Infinity:31:9:32:Infinity":0,"s:27:2:32:Infinity":8,"s:28:4:30:Infinity":9,"s:32:4:32:Infinity":10,"b:36:2:39:Infinity:undefined:undefined:undefined:undefined":1,"s:36:2:39:Infinity":11,"s:37:4:39:Infinity":12,"b:43:2:46:Infinity:undefined:undefined:undefined:undefined":2,"s:43:2:46:Infinity":13,"s:44:4:44:Infinity":14,"s:45:4:46:Infinity":15,"s:46:6:46:Infinity":16,"b:51:2:54:Infinity:undefined:undefined:undefined:undefined":3,"s:51:2:54:Infinity":17,"s:52:4:54:Infinity":18,"b:58:2:61:Infinity:undefined:undefined:undefined:undefined":4,"s:58:2:61:Infinity":19,"s:59:4:61:Infinity":20,"f:60:59:60:63":1,"s:60:68:60:75":21,"b:65:2:72:Infinity:undefined:undefined:undefined:undefined":5,"s:65:2:72:Infinity":22,"s:66:4:66:Infinity":23,"s:67:4:67:Infinity":24,"s:68:4:68:Infinity":25,"s:69:4:72:Infinity":26,"s:70:12:70:64":27,"s:71:12:71:66":28,"s:72:6:72:Infinity":29,"s:76:2:76:Infinity":30,"b:79:2:86:Infinity:undefined:undefined:undefined:undefined":6,"s:79:2:86:Infinity":31,"s:80:4:80:Infinity":32,"s:81:4:81:Infinity":33,"s:82:4:84:Infinity":34,"s:83:19:83:Infinity":35,"b:83:47:83:54:83:54:83:Infinity":7,"s:84:6:84:Infinity":36,"s:86:4:86:Infinity":37,"b:90:2:96:Infinity:undefined:undefined:undefined:undefined":8,"s:90:2:96:Infinity":38,"s:91:4:91:Infinity":39,"s:92:4:92:Infinity":40,"s:93:4:94:Infinity":41,"s:94:6:94:Infinity":42,"s:96:4:96:Infinity":43,"b:100:2:108:Infinity:undefined:undefined:undefined:undefined":9,"s:100:2:108:Infinity":44,"s:101:19:101:65":45,"f:101:38:101:46":2,"s:101:52:101:65":46,"b:102:4:108:Infinity:undefined:undefined:undefined:undefined":10,"s:102:4:108:Infinity":47,"s:103:6:103:Infinity":48,"s:104:6:104:Infinity":49,"s:105:6:106:Infinity":50,"s:106:8:106:Infinity":51,"s:108:6:108:Infinity":52,"s:112:2:112:Infinity":53}}}
,"/Users/neetagundala/Projects/ai_code_assistant_new/ai-preflight/src/core/dismissal-tracker.ts": {"path":"/Users/neetagundala/Projects/ai_code_assistant_new/ai-preflight/src/core/dismissal-tracker.ts","statementMap":{"0":{"start":{"line":11,"column":2},"end":{"line":14,"column":null}},"1":{"start":{"line":11,"column":33},"end":{"line":14,"column":5}},"2":{"start":{"line":35,"column":20},"end":{"line":35,"column":56}},"3":{"start":{"line":38,"column":4},"end":{"line":38,"column":null}},"4":{"start":{"line":41,"column":2},"end":{"line":69,"column":null}},"5":{"start":{"line":43,"column":6},"end":{"line":43,"column":null}},"6":{"start":{"line":44,"column":6},"end":{"line":44,"column":null}},"7":{"start":{"line":48,"column":6},"end":{"line":48,"column":null}},"8":{"start":{"line":49,"column":6},"end":{"line":49,"column":null}},"9":{"start":{"line":55,"column":25},"end":{"line":55,"column":62}},"10":{"start":{"line":55,"column":56},"end":{"line":55,"column":61}},"11":{"start":{"line":56,"column":19},"end":{"line":56,"column":null}},"12":{"start":{"line":57,"column":6},"end":{"line":60,"column":null}},"13":{"start":{"line":58,"column":8},"end":{"line":60,"column":null}},"14":{"start":{"line":59,"column":10},"end":{"line":59,"column":null}},"15":{"start":{"line":60,"column":10},"end":{"line":60,"column":null}},"16":{"start":{"line":63,"column":6},"end":{"line":64,"column":null}},"17":{"start":{"line":64,"column":8},"end":{"line":64,"column":null}},"18":{"start":{"line":67,"column":6},"end":{"line":67,"column":null}}},"fnMap":{"0":{"name":"applyDismissals","decl":{"start":{"line":7,"column":16},"end":{"line":7,"column":null}},"loc":{"start":{"line":10,"column":16},"end":{"line":14,"column":null}},"line":10},"1":{"name":"(anonymous_1)","decl":{"start":{"line":11,"column":21},"end":{"line":11,"column":26}},"loc":{"start":{"line":11,"column":33},"end":{"line":14,"column":5}},"line":11},"2":{"name":"createDismissalTracker","decl":{"start":{"line":34,"column":16},"end":{"line":34,"column":39}},"loc":{"start":{"line":34,"column":63},"end":{"line":69,"column":null}},"line":34},"3":{"name":"persist","decl":{"start":{"line":37,"column":11},"end":{"line":37,"column":27}},"loc":{"start":{"line":37,"column":27},"end":{"line":38,"column":null}},"line":37},"4":{"name":"(anonymous_4)","decl":{"start":{"line":42,"column":4},"end":{"line":42,"column":12}},"loc":{"start":{"line":42,"column":30},"end":{"line":44,"column":null}},"line":42},"5":{"name":"(anonymous_5)","decl":{"start":{"line":47,"column":4},"end":{"line":47,"column":18}},"loc":{"start":{"line":47,"column":18},"end":{"line":49,"column":null}},"line":47},"6":{"name":"(anonymous_6)","decl":{"start":{"line":52,"column":4},"end":{"line":52,"column":10}},"loc":{"start":{"line":52,"column":51},"end":{"line":67,"column":null}},"line":52},"7":{"name":"(anonymous_7)","decl":{"start":{"line":55,"column":45},"end":{"line":55,"column":50}},"loc":{"start":{"line":55,"column":56},"end":{"line":55,"column":61}},"line":55}},"branchMap":{"0":{"loc":{"start":{"line":35,"column":36},"end":{"line":35,"column":55}},"type":"binary-expr","locations":[{"start":{"line":35,"column":36},"end":{"line":35,"column":49}},{"start":{"line":35,"column":53},"end":{"line":35,"column":55}}],"line":35},"1":{"loc":{"start":{"line":58,"column":8},"end":{"line":60,"column":null}},"type":"if","locations":[{"start":{"line":58,"column":8},"end":{"line":60,"column":null}},{"start":{},"end":{}}],"line":58},"2":{"loc":{"start":{"line":63,"column":6},"end":{"line":64,"column":null}},"type":"if","locations":[{"start":{"line":63,"column":6},"end":{"line":64,"column":null}},{"start":{},"end":{}}],"line":63}},"s":{"0":16,"1":20,"2":10,"3":15,"4":10,"5":9,"6":9,"7":2,"8":2,"9":11,"10":14,"11":11,"12":11,"13":11,"14":4,"15":4,"16":11,"17":4,"18":11},"f":{"0":16,"1":20,"2":10,"3":15,"4":9,"5":2,"6":11,"7":14},"b":{"0":[10,6],"1":[4,7],"2":[4,7]},"meta":{"lastBranch":3,"lastFunction":8,"lastStatement":19,"seen":{"f:7:16:7:Infinity":0,"s:11:2:14:Infinity":0,"f:11:21:11:26":1,"s:11:33:14:5":1,"f:34:16:34:39":2,"s:35:20:35:56":2,"b:35:36:35:49:35:53:35:55":0,"f:37:11:37:27":3,"s:38:4:38:Infinity":3,"s:41:2:69:Infinity":4,"f:42:4:42:12":4,"s:43:6:43:Infinity":5,"s:44:6:44:Infinity":6,"f:47:4:47:18":5,"s:48:6:48:Infinity":7,"s:49:6:49:Infinity":8,"f:52:4:52:10":6,"s:55:25:55:62":9,"f:55:45:55:50":7,"s:55:56:55:61":10,"s:56:19:56:Infinity":11,"s:57:6:60:Infinity":12,"b:58:8:60:Infinity:undefined:undefined:undefined:undefined":1,"s:58:8:60:Infinity":13,"s:59:10:59:Infinity":14,"s:60:10:60:Infinity":15,"b:63:6:64:Infinity:undefined:undefined:undefined:undefined":2,"s:63:6:64:Infinity":16,"s:64:8:64:Infinity":17,"s:67:6:67:Infinity":18}}}
,"/Users/neetagundala/Projects/ai_code_assistant_new/ai-preflight/src/core/event-bus.ts": {"path":"/Users/neetagundala/Projects/ai_code_assistant_new/ai-preflight/src/core/event-bus.ts","statementMap":{"0":{"start":{"line":10,"column":22},"end":{"line":10,"column":67}},"1":{"start":{"line":16,"column":4},"end":{"line":17,"column":null}},"2":{"start":{"line":17,"column":6},"end":{"line":17,"column":null}},"3":{"start":{"line":19,"column":4},"end":{"line":19,"column":null}},"4":{"start":{"line":22,"column":4},"end":{"line":23,"column":null}},"5":{"start":{"line":23,"column":6},"end":{"line":23,"column":null}},"6":{"start":{"line":28,"column":21},"end":{"line":28,"column":46}},"7":{"start":{"line":29,"column":4},"end":{"line":29,"column":null}},"8":{"start":{"line":29,"column":19},"end":{"line":29,"column":null}},"9":{"start":{"line":31,"column":4},"end":{"line":35,"column":null}},"10":{"start":{"line":32,"column":6},"end":{"line":35,"column":null}},"11":{"start":{"line":33,"column":8},"end":{"line":33,"column":null}},"12":{"start":{"line":35,"column":8},"end":{"line":35,"column":null}},"13":{"start":{"line":41,"column":4},"end":{"line":41,"column":null}}},"fnMap":{"0":{"name":"(anonymous_0)","decl":{"start":{"line":12,"column":2},"end":{"line":12,"column":null}},"loc":{"start":{"line":15,"column":16},"end":{"line":23,"column":null}},"line":15},"1":{"name":"(anonymous_1)","decl":{"start":{"line":22,"column":4},"end":{"line":22,"column":17}},"loc":{"start":{"line":22,"column":17},"end":{"line":23,"column":null}},"line":22},"2":{"name":"(anonymous_2)","decl":{"start":{"line":27,"column":2},"end":{"line":27,"column":33}},"loc":{"start":{"line":27,"column":68},"end":{"line":35,"column":null}},"line":27},"3":{"name":"(anonymous_3)","decl":{"start":{"line":40,"column":2},"end":{"line":40,"column":29}},"loc":{"start":{"line":40,"column":29},"end":{"line":41,"column":null}},"line":40}},"branchMap":{"0":{"loc":{"start":{"line":16,"column":4},"end":{"line":17,"column":null}},"type":"if","locations":[{"start":{"line":16,"column":4},"end":{"line":17,"column":null}},{"start":{},"end":{}}],"line":16},"1":{"loc":{"start":{"line":29,"column":4},"end":{"line":29,"column":null}},"type":"if","locations":[{"start":{"line":29,"column":4},"end":{"line":29,"column":null}},{"start":{},"end":{}}],"line":29}},"s":{"0":6,"1":7,"2":5,"3":7,"4":7,"5":1,"6":6,"7":6,"8":2,"9":4,"10":5,"11":5,"12":1,"13":1},"f":{"0":7,"1":1,"2":6,"3":1},"b":{"0":[5,2],"1":[2,4]},"meta":{"lastBranch":2,"lastFunction":4,"lastStatement":14,"seen":{"s:10:22:10:67":0,"f:12:2:12:Infinity":0,"b:16:4:17:Infinity:undefined:undefined:undefined:undefined":0,"s:16:4:17:Infinity":1,"s:17:6:17:Infinity":2,"s:19:4:19:Infinity":3,"s:22:4:23:Infinity":4,"f:22:4:22:17":1,"s:23:6:23:Infinity":5,"f:27:2:27:33":2,"s:28:21:28:46":6,"b:29:4:29:Infinity:undefined:undefined:undefined:undefined":1,"s:29:4:29:Infinity":7,"s:29:19:29:Infinity":8,"s:31:4:35:Infinity":9,"s:32:6:35:Infinity":10,"s:33:8:33:Infinity":11,"s:35:8:35:Infinity":12,"f:40:2:40:29":3,"s:41:4:41:Infinity":13}}}
,"/Users/neetagundala/Projects/ai_code_assistant_new/ai-preflight/src/core/messages.ts": {"path":"/Users/neetagundala/Projects/ai_code_assistant_new/ai-preflight/src/core/messages.ts","statementMap":{},"fnMap":{},"branchMap":{},"s":{},"f":{},"b":{},"meta":{"lastBranch":0,"lastFunction":0,"lastStatement":0,"seen":{}}}
,"/Users/neetagundala/Projects/ai_code_assistant_new/ai-preflight/src/core/outcome-tracker.ts": {"path":"/Users/neetagundala/Projects/ai_code_assistant_new/ai-preflight/src/core/outcome-tracker.ts","statementMap":{"0":{"start":{"line":20,"column":21},"end":{"line":20,"column":null}},"1":{"start":{"line":21,"column":31},"end":{"line":21,"column":null}},"2":{"start":{"line":32,"column":34},"end":{"line":32,"column":null}},"3":{"start":{"line":34,"column":22},"end":{"line":34,"column":44}},"4":{"start":{"line":35,"column":4},"end":{"line":35,"column":null}},"5":{"start":{"line":36,"column":4},"end":{"line":36,"column":null}},"6":{"start":{"line":40,"column":39},"end":{"line":49,"column":null}},"7":{"start":{"line":43,"column":56},"end":{"line":43,"column":66}},"8":{"start":{"line":44,"column":51},"end":{"line":44,"column":56}},"9":{"start":{"line":46,"column":23},"end":{"line":46,"column":35}},"10":{"start":{"line":47,"column":20},"end":{"line":47,"column":25}},"11":{"start":{"line":52,"column":16},"end":{"line":52,"column":null}},"12":{"start":{"line":53,"column":4},"end":{"line":58,"column":null}},"13":{"start":{"line":54,"column":6},"end":{"line":58,"column":null}},"14":{"start":{"line":61,"column":4},"end":{"line":61,"column":null}},"15":{"start":{"line":62,"column":4},"end":{"line":62,"column":null}},"16":{"start":{"line":63,"column":4},"end":{"line":63,"column":null}},"17":{"start":{"line":67,"column":4},"end":{"line":67,"column":null}},"18":{"start":{"line":68,"column":4},"end":{"line":68,"column":null}},"19":{"start":{"line":73,"column":6},"end":{"line":73,"column":null}},"20":{"start":{"line":74,"column":4},"end":{"line":75,"column":null}},"21":{"start":{"line":75,"column":6},"end":{"line":75,"column":null}},"22":{"start":{"line":77,"column":4},"end":{"line":77,"column":null}},"23":{"start":{"line":81,"column":4},"end":{"line":81,"column":null}},"24":{"start":{"line":82,"column":4},"end":{"line":82,"column":null}},"25":{"start":{"line":85,"column":4},"end":{"line":86,"column":null}},"26":{"start":{"line":86,"column":6},"end":{"line":86,"column":null}},"27":{"start":{"line":89,"column":4},"end":{"line":89,"column":null}},"28":{"start":{"line":90,"column":4},"end":{"line":90,"column":null}},"29":{"start":{"line":94,"column":24},"end":{"line":94,"column":63}},"30":{"start":{"line":95,"column":24},"end":{"line":95,"column":62}},"31":{"start":{"line":95,"column":51},"end":{"line":95,"column":62}},"32":{"start":{"line":96,"column":23},"end":{"line":96,"column":60}},"33":{"start":{"line":96,"column":50},"end":{"line":96,"column":60}},"34":{"start":{"line":98,"column":50},"end":{"line":98,"column":52}},"35":{"start":{"line":99,"column":4},"end":{"line":100,"column":null}},"36":{"start":{"line":100,"column":6},"end":{"line":100,"column":null}},"37":{"start":{"line":103,"column":56},"end":{"line":107,"column":null}},"38":{"start":{"line":108,"column":4},"end":{"line":109,"column":null}},"39":{"start":{"line":109,"column":6},"end":{"line":109,"column":null}},"40":{"start":{"line":112,"column":4},"end":{"line":118,"column":null}},"41":{"start":{"line":122,"column":24},"end":{"line":122,"column":63}},"42":{"start":{"line":123,"column":47},"end":{"line":123,"column":49}},"43":{"start":{"line":126,"column":29},"end":{"line":127,"column":null}},"44":{"start":{"line":127,"column":6},"end":{"line":127,"column":52}},"45":{"start":{"line":127,"column":29},"end":{"line":127,"column":52}},"46":{"start":{"line":129,"column":28},"end":{"line":130,"column":null}},"47":{"start":{"line":130,"column":6},"end":{"line":130,"column":53}},"48":{"start":{"line":130,"column":30},"end":{"line":130,"column":53}},"49":{"start":{"line":133,"column":4},"end":{"line":153,"column":null}},"50":{"start":{"line":134,"column":28},"end":{"line":136,"column":null}},"51":{"start":{"line":135,"column":24},"end":{"line":135,"column":34}},"52":{"start":{"line":136,"column":25},"end":{"line":136,"column":50}},"53":{"start":{"line":137,"column":27},"end":{"line":139,"column":null}},"54":{"start":{"line":138,"column":24},"end":{"line":138,"column":34}},"55":{"start":{"line":139,"column":25},"end":{"line":139,"column":50}},"56":{"start":{"line":141,"column":23},"end":{"line":141,"column":null}},"57":{"start":{"line":142,"column":22},"end":{"line":142,"column":null}},"58":{"start":{"line":143,"column":20},"end":{"line":143,"column":null}},"59":{"start":{"line":145,"column":6},"end":{"line":153,"column":null}},"60":{"start":{"line":157,"column":30},"end":{"line":158,"column":null}},"61":{"start":{"line":158,"column":6},"end":{"line":158,"column":65}},"62":{"start":{"line":158,"column":29},"end":{"line":158,"column":65}},"63":{"start":{"line":160,"column":26},"end":{"line":161,"column":null}},"64":{"start":{"line":161,"column":6},"end":{"line":161,"column":61}},"65":{"start":{"line":161,"column":29},"end":{"line":161,"column":61}},"66":{"start":{"line":164,"column":4},"end":{"line":175,"column":null}},"67":{"start":{"line":165,"column":31},"end":{"line":165,"column":null}},"68":{"start":{"line":165,"column":64},"end":{"line":165,"column":74}},"69":{"start":{"line":166,"column":27},"end":{"line":166,"column":null}},"70":{"start":{"line":166,"column":56},"end":{"line":166,"column":66}},"71":{"start":{"line":167,"column":26},"end":{"line":167,"column":null}},"72":{"start":{"line":168,"column":24},"end":{"line":168,"column":null}},"73":{"start":{"line":170,"column":6},"end":{"line":175,"column":null}},"74":{"start":{"line":178,"column":4},"end":{"line":178,"column":null}},"75":{"start":{"line":182,"column":4},"end":{"line":188,"column":null}},"76":{"start":{"line":192,"column":4},"end":{"line":192,"column":null}}},"fnMap":{"0":{"name":"(anonymous_0)","decl":{"start":{"line":34,"column":2},"end":{"line":34,"column":14}},"loc":{"start":{"line":34,"column":44},"end":{"line":36,"column":null}},"line":34},"1":{"name":"(anonymous_1)","decl":{"start":{"line":39,"column":2},"end":{"line":39,"column":17}},"loc":{"start":{"line":39,"column":47},"end":{"line":63,"column":null}},"line":39},"2":{"name":"(anonymous_2)","decl":{"start":{"line":43,"column":44},"end":{"line":43,"column":49}},"loc":{"start":{"line":43,"column":56},"end":{"line":43,"column":66}},"line":43},"3":{"name":"(anonymous_3)","decl":{"start":{"line":44,"column":40},"end":{"line":44,"column":45}},"loc":{"start":{"line":44,"column":51},"end":{"line":44,"column":56}},"line":44},"4":{"name":"(anonymous_4)","decl":{"start":{"line":46,"column":9},"end":{"line":46,"column":17}},"loc":{"start":{"line":46,"column":23},"end":{"line":46,"column":35}},"line":46},"5":{"name":"(anonymous_5)","decl":{"start":{"line":47,"column":9},"end":{"line":47,"column":14}},"loc":{"start":{"line":47,"column":20},"end":{"line":47,"column":25}},"line":47},"6":{"name":"(anonymous_6)","decl":{"start":{"line":66,"column":2},"end":{"line":66,"column":15}},"loc":{"start":{"line":66,"column":44},"end":{"line":68,"column":null}},"line":66},"7":{"name":"(anonymous_7)","decl":{"start":{"line":71,"column":2},"end":{"line":71,"column":15}},"loc":{"start":{"line":71,"column":43},"end":{"line":77,"column":null}},"line":71},"8":{"name":"(anonymous_8)","decl":{"start":{"line":80,"column":2},"end":{"line":80,"column":21}},"loc":{"start":{"line":80,"column":21},"end":{"line":90,"column":null}},"line":80},"9":{"name":"(anonymous_9)","decl":{"start":{"line":93,"column":2},"end":{"line":93,"column":38}},"loc":{"start":{"line":93,"column":38},"end":{"line":118,"column":null}},"line":93},"10":{"name":"(anonymous_10)","decl":{"start":{"line":95,"column":36},"end":{"line":95,"column":45}},"loc":{"start":{"line":95,"column":51},"end":{"line":95,"column":62}},"line":95},"11":{"name":"(anonymous_11)","decl":{"start":{"line":96,"column":35},"end":{"line":96,"column":44}},"loc":{"start":{"line":96,"column":50},"end":{"line":96,"column":60}},"line":96},"12":{"name":"(anonymous_12)","decl":{"start":{"line":121,"column":2},"end":{"line":121,"column":42}},"loc":{"start":{"line":121,"column":42},"end":{"line":178,"column":null}},"line":121},"13":{"name":"(anonymous_13)","decl":{"start":{"line":126,"column":41},"end":{"line":126,"column":49}},"loc":{"start":{"line":127,"column":6},"end":{"line":127,"column":52}},"line":127},"14":{"name":"(anonymous_14)","decl":{"start":{"line":127,"column":17},"end":{"line":127,"column":23}},"loc":{"start":{"line":127,"column":29},"end":{"line":127,"column":52}},"line":127},"15":{"name":"(anonymous_15)","decl":{"start":{"line":129,"column":40},"end":{"line":129,"column":48}},"loc":{"start":{"line":130,"column":6},"end":{"line":130,"column":53}},"line":130},"16":{"name":"(anonymous_16)","decl":{"start":{"line":130,"column":17},"end":{"line":130,"column":24}},"loc":{"start":{"line":130,"column":30},"end":{"line":130,"column":53}},"line":130},"17":{"name":"(anonymous_17)","decl":{"start":{"line":135,"column":9},"end":{"line":135,"column":18}},"loc":{"start":{"line":135,"column":24},"end":{"line":135,"column":34}},"line":135},"18":{"name":"(anonymous_18)","decl":{"start":{"line":136,"column":9},"end":{"line":136,"column":17}},"loc":{"start":{"line":136,"column":25},"end":{"line":136,"column":50}},"line":136},"19":{"name":"(anonymous_19)","decl":{"start":{"line":138,"column":9},"end":{"line":138,"column":18}},"loc":{"start":{"line":138,"column":24},"end":{"line":138,"column":34}},"line":138},"20":{"name":"(anonymous_20)","decl":{"start":{"line":139,"column":9},"end":{"line":139,"column":17}},"loc":{"start":{"line":139,"column":25},"end":{"line":139,"column":50}},"line":139},"21":{"name":"(anonymous_21)","decl":{"start":{"line":157,"column":42},"end":{"line":157,"column":50}},"loc":{"start":{"line":158,"column":6},"end":{"line":158,"column":65}},"line":158},"22":{"name":"(anonymous_22)","decl":{"start":{"line":158,"column":17},"end":{"line":158,"column":23}},"loc":{"start":{"line":158,"column":29},"end":{"line":158,"column":65}},"line":158},"23":{"name":"(anonymous_23)","decl":{"start":{"line":160,"column":38},"end":{"line":160,"column":46}},"loc":{"start":{"line":161,"column":6},"end":{"line":161,"column":61}},"line":161},"24":{"name":"(anonymous_24)","decl":{"start":{"line":161,"column":17},"end":{"line":161,"column":23}},"loc":{"start":{"line":161,"column":29},"end":{"line":161,"column":61}},"line":161},"25":{"name":"(anonymous_25)","decl":{"start":{"line":165,"column":49},"end":{"line":165,"column":58}},"loc":{"start":{"line":165,"column":64},"end":{"line":165,"column":74}},"line":165},"26":{"name":"(anonymous_26)","decl":{"start":{"line":166,"column":41},"end":{"line":166,"column":50}},"loc":{"start":{"line":166,"column":56},"end":{"line":166,"column":66}},"line":166},"27":{"name":"(anonymous_27)","decl":{"start":{"line":181,"column":2},"end":{"line":181,"column":10}},"loc":{"start":{"line":181,"column":41},"end":{"line":188,"column":null}},"line":181},"28":{"name":"(anonymous_28)","decl":{"start":{"line":191,"column":2},"end":{"line":191,"column":10}},"loc":{"start":{"line":191,"column":26},"end":{"line":192,"column":null}},"line":191}},"branchMap":{"0":{"loc":{"start":{"line":35,"column":20},"end":{"line":35,"column":47}},"type":"binary-expr","locations":[{"start":{"line":35,"column":20},"end":{"line":35,"column":41}},{"start":{"line":35,"column":45},"end":{"line":35,"column":47}}],"line":35},"1":{"loc":{"start":{"line":53,"column":4},"end":{"line":58,"column":null}},"type":"if","locations":[{"start":{"line":53,"column":4},"end":{"line":58,"column":null}},{"start":{},"end":{}}],"line":53},"2":{"loc":{"start":{"line":53,"column":8},"end":{"line":53,"column":72}},"type":"binary-expr","locations":[{"start":{"line":53,"column":8},"end":{"line":53,"column":42}},{"start":{"line":53,"column":42},"end":{"line":53,"column":72}}],"line":53},"3":{"loc":{"start":{"line":74,"column":4},"end":{"line":75,"column":null}},"type":"if","locations":[{"start":{"line":74,"column":4},"end":{"line":75,"column":null}},{"start":{},"end":{}}],"line":74},"4":{"loc":{"start":{"line":85,"column":4},"end":{"line":86,"column":null}},"type":"if","locations":[{"start":{"line":85,"column":4},"end":{"line":86,"column":null}},{"start":{},"end":{}}],"line":85},"5":{"loc":{"start":{"line":100,"column":36},"end":{"line":100,"column":71}},"type":"binary-expr","locations":[{"start":{"line":100,"column":36},"end":{"line":100,"column":66}},{"start":{"line":100,"column":66},"end":{"line":100,"column":71}}],"line":100},"6":{"loc":{"start":{"line":133,"column":4},"end":{"line":153,"column":null}},"type":"if","locations":[{"start":{"line":133,"column":4},"end":{"line":153,"column":null}},{"start":{},"end":{}}],"line":133},"7":{"loc":{"start":{"line":133,"column":8},"end":{"line":133,"column":69}},"type":"binary-expr","locations":[{"start":{"line":133,"column":8},"end":{"line":133,"column":40}},{"start":{"line":133,"column":40},"end":{"line":133,"column":69}}],"line":133},"8":{"loc":{"start":{"line":143,"column":20},"end":{"line":143,"column":null}},"type":"cond-expr","locations":[{"start":{"line":143,"column":34},"end":{"line":143,"column":55}},{"start":{"line":143,"column":55},"end":{"line":143,"column":null}}],"line":143},"9":{"loc":{"start":{"line":143,"column":55},"end":{"line":143,"column":null}},"type":"cond-expr","locations":[{"start":{"line":143,"column":70},"end":{"line":143,"column":81}},{"start":{"line":143,"column":81},"end":{"line":143,"column":null}}],"line":143},"10":{"loc":{"start":{"line":148,"column":10},"end":{"line":150,"column":null}},"type":"cond-expr","locations":[{"start":{"line":149,"column":14},"end":{"line":149,"column":null}},{"start":{"line":150,"column":14},"end":{"line":150,"column":null}}],"line":148},"11":{"loc":{"start":{"line":164,"column":4},"end":{"line":175,"column":null}},"type":"if","locations":[{"start":{"line":164,"column":4},"end":{"line":175,"column":null}},{"start":{},"end":{}}],"line":164},"12":{"loc":{"start":{"line":164,"column":8},"end":{"line":164,"column":68}},"type":"binary-expr","locations":[{"start":{"line":164,"column":8},"end":{"line":164,"column":41}},{"start":{"line":164,"column":41},"end":{"line":164,"column":68}}],"line":164},"13":{"loc":{"start":{"line":174,"column":15},"end":{"line":174,"column":null}},"type":"cond-expr","locations":[{"start":{"line":174,"column":33},"end":{"line":174,"column":59}},{"start":{"line":174,"column":59},"end":{"line":174,"column":null}}],"line":174}},"s":{"0":1,"1":1,"2":14,"3":14,"4":14,"5":14,"6":75,"7":1,"8":3,"9":3,"10":1,"11":75,"12":75,"13":62,"14":75,"15":75,"16":75,"17":73,"18":73,"19":1,"20":1,"21":1,"22":1,"23":61,"24":61,"25":61,"26":2,"27":61,"28":61,"29":11,"30":11,"31":64,"32":11,"33":64,"34":11,"35":11,"36":63,"37":11,"38":11,"39":65,"40":11,"41":2,"42":2,"43":2,"44":8,"45":7,"46":2,"47":8,"48":7,"49":2,"50":1,"51":3,"52":5,"53":1,"54":4,"55":3,"56":1,"57":1,"58":1,"59":1,"60":2,"61":8,"62":7,"63":2,"64":8,"65":7,"66":2,"67":0,"68":0,"69":0,"70":0,"71":0,"72":0,"73":0,"74":2,"75":75,"76":210},"f":{"0":14,"1":75,"2":1,"3":3,"4":3,"5":1,"6":73,"7":1,"8":61,"9":11,"10":64,"11":64,"12":2,"13":8,"14":7,"15":8,"16":7,"17":3,"18":5,"19":4,"20":3,"21":8,"22":7,"23":8,"24":7,"25":0,"26":0,"27":75,"28":210},"b":{"0":[14,12],"1":[62,13],"2":[75,63],"3":[1,0],"4":[2,59],"5":[63,10],"6":[1,1],"7":[2,1],"8":[1,0],"9":[0,0],"10":[1,0],"11":[0,2],"12":[2,0],"13":[0,0]},"meta":{"lastBranch":14,"lastFunction":29,"lastStatement":77,"seen":{"s:20:21:20:Infinity":0,"s:21:31:21:Infinity":1,"s:32:34:32:Infinity":2,"f:34:2:34:14":0,"s:34:22:34:44":3,"s:35:4:35:Infinity":4,"b:35:20:35:41:35:45:35:47":0,"s:36:4:36:Infinity":5,"f:39:2:39:17":1,"s:40:39:49:Infinity":6,"f:43:44:43:49":2,"s:43:56:43:66":7,"f:44:40:44:45":3,"s:44:51:44:56":8,"f:46:9:46:17":4,"s:46:23:46:35":9,"f:47:9:47:14":5,"s:47:20:47:25":10,"s:52:16:52:Infinity":11,"b:53:4:58:Infinity:undefined:undefined:undefined:undefined":1,"s:53:4:58:Infinity":12,"b:53:8:53:42:53:42:53:72":2,"s:54:6:58:Infinity":13,"s:61:4:61:Infinity":14,"s:62:4:62:Infinity":15,"s:63:4:63:Infinity":16,"f:66:2:66:15":6,"s:67:4:67:Infinity":17,"s:68:4:68:Infinity":18,"f:71:2:71:15":7,"s:73:6:73:Infinity":19,"b:74:4:75:Infinity:undefined:undefined:undefined:undefined":3,"s:74:4:75:Infinity":20,"s:75:6:75:Infinity":21,"s:77:4:77:Infinity":22,"f:80:2:80:21":8,"s:81:4:81:Infinity":23,"s:82:4:82:Infinity":24,"b:85:4:86:Infinity:undefined:undefined:undefined:undefined":4,"s:85:4:86:Infinity":25,"s:86:6:86:Infinity":26,"s:89:4:89:Infinity":27,"s:90:4:90:Infinity":28,"f:93:2:93:38":9,"s:94:24:94:63":29,"s:95:24:95:62":30,"f:95:36:95:45":10,"s:95:51:95:62":31,"s:96:23:96:60":32,"f:96:35:96:44":11,"s:96:50:96:60":33,"s:98:50:98:52":34,"s:99:4:100:Infinity":35,"s:100:6:100:Infinity":36,"b:100:36:100:66:100:66:100:71":5,"s:103:56:107:Infinity":37,"s:108:4:109:Infinity":38,"s:109:6:109:Infinity":39,"s:112:4:118:Infinity":40,"f:121:2:121:42":12,"s:122:24:122:63":41,"s:123:47:123:49":42,"s:126:29:127:Infinity":43,"f:126:41:126:49":13,"s:127:6:127:52":44,"f:127:17:127:23":14,"s:127:29:127:52":45,"s:129:28:130:Infinity":46,"f:129:40:129:48":15,"s:130:6:130:53":47,"f:130:17:130:24":16,"s:130:30:130:53":48,"b:133:4:153:Infinity:undefined:undefined:undefined:undefined":6,"s:133:4:153:Infinity":49,"b:133:8:133:40:133:40:133:69":7,"s:134:28:136:Infinity":50,"f:135:9:135:18":17,"s:135:24:135:34":51,"f:136:9:136:17":18,"s:136:25:136:50":52,"s:137:27:139:Infinity":53,"f:138:9:138:18":19,"s:138:24:138:34":54,"f:139:9:139:17":20,"s:139:25:139:50":55,"s:141:23:141:Infinity":56,"s:142:22:142:Infinity":57,"s:143:20:143:Infinity":58,"b:143:34:143:55:143:55:143:Infinity":8,"b:143:70:143:81:143:81:143:Infinity":9,"s:145:6:153:Infinity":59,"b:149:14:149:Infinity:150:14:150:Infinity":10,"s:157:30:158:Infinity":60,"f:157:42:157:50":21,"s:158:6:158:65":61,"f:158:17:158:23":22,"s:158:29:158:65":62,"s:160:26:161:Infinity":63,"f:160:38:160:46":23,"s:161:6:161:61":64,"f:161:17:161:23":24,"s:161:29:161:61":65,"b:164:4:175:Infinity:undefined:undefined:undefined:undefined":11,"s:164:4:175:Infinity":66,"b:164:8:164:41:164:41:164:68":12,"s:165:31:165:Infinity":67,"f:165:49:165:58":25,"s:165:64:165:74":68,"s:166:27:166:Infinity":69,"f:166:41:166:50":26,"s:166:56:166:66":70,"s:167:26:167:Infinity":71,"s:168:24:168:Infinity":72,"s:170:6:175:Infinity":73,"b:174:33:174:59:174:59:174:Infinity":13,"s:178:4:178:Infinity":74,"f:181:2:181:10":27,"s:182:4:188:Infinity":75,"f:191:2:191:10":28,"s:192:4:192:Infinity":76}}}
,"/Users/neetagundala/Projects/ai_code_assistant_new/ai-preflight/src/core/pipeline.ts": {"path":"/Users/neetagundala/Projects/ai_code_assistant_new/ai-preflight/src/core/pipeline.ts","statementMap":{"0":{"start":{"line":12,"column":41},"end":{"line":17,"column":null}},"1":{"start":{"line":19,"column":2},"end":{"line":40,"column":null}},"2":{"start":{"line":20,"column":4},"end":{"line":40,"column":null}},"3":{"start":{"line":21,"column":21},"end":{"line":21,"column":43}},"4":{"start":{"line":22,"column":6},"end":{"line":38,"column":null}},"5":{"start":{"line":40,"column":6},"end":{"line":40,"column":null}},"6":{"start":{"line":44,"column":2},"end":{"line":44,"column":null}},"7":{"start":{"line":49,"column":2},"end":{"line":74,"column":null}}},"fnMap":{"0":{"name":"runPipeline","decl":{"start":{"line":8,"column":16},"end":{"line":8,"column":null}},"loc":{"start":{"line":11,"column":18},"end":{"line":44,"column":null}},"line":11},"1":{"name":"toComplete","decl":{"start":{"line":48,"column":9},"end":{"line":48,"column":20}},"loc":{"start":{"line":48,"column":70},"end":{"line":74,"column":null}},"line":48}},"branchMap":{"0":{"loc":{"start":{"line":27,"column":14},"end":{"line":27,"column":41}},"type":"binary-expr","locations":[{"start":{"line":27,"column":14},"end":{"line":27,"column":39}},{"start":{"line":27,"column":39},"end":{"line":27,"column":41}}],"line":27},"1":{"loc":{"start":{"line":28,"column":14},"end":{"line":28,"column":40}},"type":"binary-expr","locations":[{"start":{"line":28,"column":14},"end":{"line":28,"column":38}},{"start":{"line":28,"column":38},"end":{"line":28,"column":40}}],"line":28},"2":{"loc":{"start":{"line":31,"column":14},"end":{"line":31,"column":39}},"type":"binary-expr","locations":[{"start":{"line":31,"column":14},"end":{"line":31,"column":37}},{"start":{"line":31,"column":37},"end":{"line":31,"column":39}}],"line":31},"3":{"loc":{"start":{"line":32,"column":14},"end":{"line":32,"column":38}},"type":"binary-expr","locations":[{"start":{"line":32,"column":14},"end":{"line":32,"column":36}},{"start":{"line":32,"column":36},"end":{"line":32,"column":38}}],"line":32},"4":{"loc":{"start":{"line":35,"column":14},"end":{"line":35,"column":43}},"type":"binary-expr","locations":[{"start":{"line":35,"column":14},"end":{"line":35,"column":41}},{"start":{"line":35,"column":41},"end":{"line":35,"column":43}}],"line":35},"5":{"loc":{"start":{"line":36,"column":14},"end":{"line":36,"column":42}},"type":"binary-expr","locations":[{"start":{"line":36,"column":14},"end":{"line":36,"column":40}},{"start":{"line":36,"column":40},"end":{"line":36,"column":42}}],"line":36},"6":{"loc":{"start":{"line":50,"column":15},"end":{"line":50,"column":46}},"type":"binary-expr","locations":[{"start":{"line":50,"column":15},"end":{"line":50,"column":36}},{"start":{"line":50,"column":36},"end":{"line":50,"column":46}}],"line":50},"7":{"loc":{"start":{"line":51,"column":19},"end":{"line":56,"column":null}},"type":"binary-expr","locations":[{"start":{"line":51,"column":19},"end":{"line":51,"column":44}},{"start":{"line":51,"column":44},"end":{"line":56,"column":null}}],"line":51},"8":{"loc":{"start":{"line":57,"column":15},"end":{"line":57,"column":null}},"type":"binary-expr","locations":[{"start":{"line":57,"column":15},"end":{"line":57,"column":36}},{"start":{"line":57,"column":36},"end":{"line":57,"column":null}}],"line":57},"9":{"loc":{"start":{"line":58,"column":19},"end":{"line":58,"column":46}},"type":"binary-expr","locations":[{"start":{"line":58,"column":19},"end":{"line":58,"column":44}},{"start":{"line":58,"column":44},"end":{"line":58,"column":46}}],"line":58},"10":{"loc":{"start":{"line":59,"column":21},"end":{"line":59,"column":50}},"type":"binary-expr","locations":[{"start":{"line":59,"column":21},"end":{"line":59,"column":48}},{"start":{"line":59,"column":48},"end":{"line":59,"column":50}}],"line":59},"11":{"loc":{"start":{"line":60,"column":14},"end":{"line":60,"column":null}},"type":"binary-expr","locations":[{"start":{"line":60,"column":14},"end":{"line":60,"column":34}},{"start":{"line":60,"column":34},"end":{"line":60,"column":null}}],"line":60},"12":{"loc":{"start":{"line":61,"column":21},"end":{"line":61,"column":null}},"type":"binary-expr","locations":[{"start":{"line":61,"column":21},"end":{"line":61,"column":48}},{"start":{"line":61,"column":48},"end":{"line":61,"column":null}}],"line":61},"13":{"loc":{"start":{"line":62,"column":17},"end":{"line":62,"column":42}},"type":"binary-expr","locations":[{"start":{"line":62,"column":17},"end":{"line":62,"column":40}},{"start":{"line":62,"column":40},"end":{"line":62,"column":42}}],"line":62},"14":{"loc":{"start":{"line":63,"column":20},"end":{"line":68,"column":null}},"type":"binary-expr","locations":[{"start":{"line":63,"column":20},"end":{"line":63,"column":46}},{"start":{"line":63,"column":46},"end":{"line":68,"column":null}}],"line":63},"15":{"loc":{"start":{"line":69,"column":20},"end":{"line":69,"column":48}},"type":"binary-expr","locations":[{"start":{"line":69,"column":20},"end":{"line":69,"column":46}},{"start":{"line":69,"column":46},"end":{"line":69,"column":48}}],"line":69},"16":{"loc":{"start":{"line":70,"column":24},"end":{"line":70,"column":null}},"type":"binary-expr","locations":[{"start":{"line":70,"column":24},"end":{"line":70,"column":54}},{"start":{"line":70,"column":54},"end":{"line":70,"column":null}}],"line":70},"17":{"loc":{"start":{"line":71,"column":21},"end":{"line":71,"column":50}},"type":"binary-expr","locations":[{"start":{"line":71,"column":21},"end":{"line":71,"column":48}},{"start":{"line":71,"column":48},"end":{"line":71,"column":50}}],"line":71},"18":{"loc":{"start":{"line":72,"column":27},"end":{"line":72,"column":62}},"type":"binary-expr","locations":[{"start":{"line":72,"column":27},"end":{"line":72,"column":60}},{"start":{"line":72,"column":60},"end":{"line":72,"column":62}}],"line":72}},"s":{"0":14,"1":14,"2":50,"3":50,"4":50,"5":1,"6":14,"7":14},"f":{"0":14,"1":14},"b":{"0":[50,0],"1":[50,37],"2":[50,0],"3":[50,36],"4":[50,0],"5":[50,39],"6":[14,0],"7":[14,6],"8":[14,4],"9":[14,0],"10":[14,0],"11":[14,12],"12":[14,14],"13":[14,0],"14":[14,6],"15":[14,6],"16":[14,12],"17":[14,12],"18":[14,12]},"meta":{"lastBranch":19,"lastFunction":2,"lastStatement":8,"seen":{"f:8:16:8:Infinity":0,"s:12:41:17:Infinity":0,"s:19:2:40:Infinity":1,"s:20:4:40:Infinity":2,"s:21:21:21:43":3,"s:22:6:38:Infinity":4,"b:27:14:27:39:27:39:27:41":0,"b:28:14:28:38:28:38:28:40":1,"b:31:14:31:37:31:37:31:39":2,"b:32:14:32:36:32:36:32:38":3,"b:35:14:35:41:35:41:35:43":4,"b:36:14:36:40:36:40:36:42":5,"s:40:6:40:Infinity":5,"s:44:2:44:Infinity":6,"f:48:9:48:20":1,"s:49:2:74:Infinity":7,"b:50:15:50:36:50:36:50:46":6,"b:51:19:51:44:51:44:56:Infinity":7,"b:57:15:57:36:57:36:57:Infinity":8,"b:58:19:58:44:58:44:58:46":9,"b:59:21:59:48:59:48:59:50":10,"b:60:14:60:34:60:34:60:Infinity":11,"b:61:21:61:48:61:48:61:Infinity":12,"b:62:17:62:40:62:40:62:42":13,"b:63:20:63:46:63:46:68:Infinity":14,"b:69:20:69:46:69:46:69:48":15,"b:70:24:70:54:70:54:70:Infinity":16,"b:71:21:71:48:71:48:71:50":17,"b:72:27:72:60:72:60:72:62":18}}}
,"/Users/neetagundala/Projects/ai_code_assistant_new/ai-preflight/src/core/analyzers/index.ts": {"path":"/Users/neetagundala/Projects/ai_code_assistant_new/ai-preflight/src/core/analyzers/index.ts","statementMap":{},"fnMap":{},"branchMap":{},"s":{},"f":{},"b":{},"meta":{"lastBranch":0,"lastFunction":0,"lastStatement":0,"seen":{}}}
,"/Users/neetagundala/Projects/ai_code_assistant_new/ai-preflight/src/core/analyzers/positive-signals.ts": {"path":"/Users/neetagundala/Projects/ai_code_assistant_new/ai-preflight/src/core/analyzers/positive-signals.ts","statementMap":{"0":{"start":{"line":15,"column":44},"end":{"line":15,"column":46}},"1":{"start":{"line":18,"column":21},"end":{"line":18,"column":null}},"2":{"start":{"line":19,"column":15},"end":{"line":19,"column":null}},"3":{"start":{"line":20,"column":2},"end":{"line":25,"column":null}},"4":{"start":{"line":21,"column":4},"end":{"line":25,"column":null}},"5":{"start":{"line":29,"column":2},"end":{"line":40,"column":null}},"6":{"start":{"line":36,"column":4},"end":{"line":40,"column":null}},"7":{"start":{"line":44,"column":2},"end":{"line":49,"column":null}},"8":{"start":{"line":45,"column":4},"end":{"line":49,"column":null}},"9":{"start":{"line":53,"column":2},"end":{"line":65,"column":null}},"10":{"start":{"line":54,"column":20},"end":{"line":58,"column":null}},"11":{"start":{"line":56,"column":22},"end":{"line":56,"column":39}},"12":{"start":{"line":57,"column":8},"end":{"line":57,"column":null}},"13":{"start":{"line":60,"column":4},"end":{"line":65,"column":null}},"14":{"start":{"line":61,"column":6},"end":{"line":65,"column":null}},"15":{"start":{"line":69,"column":2},"end":{"line":69,"column":null}}},"fnMap":{"0":{"name":"detectPositiveSignals","decl":{"start":{"line":11,"column":16},"end":{"line":11,"column":null}},"loc":{"start":{"line":14,"column":27},"end":{"line":69,"column":null}},"line":14},"1":{"name":"(anonymous_1)","decl":{"start":{"line":55,"column":23},"end":{"line":55,"column":28}},"loc":{"start":{"line":55,"column":34},"end":{"line":58,"column":null}},"line":55}},"branchMap":{"0":{"loc":{"start":{"line":18,"column":21},"end":{"line":18,"column":null}},"type":"binary-expr","locations":[{"start":{"line":18,"column":21},"end":{"line":18,"column":54}},{"start":{"line":18,"column":54},"end":{"line":18,"column":null}}],"line":18},"1":{"loc":{"start":{"line":20,"column":2},"end":{"line":25,"column":null}},"type":"if","locations":[{"start":{"line":20,"column":2},"end":{"line":25,"column":null}},{"start":{},"end":{}}],"line":20},"2":{"loc":{"start":{"line":20,"column":6},"end":{"line":20,"column":87}},"type":"binary-expr","locations":[{"start":{"line":20,"column":6},"end":{"line":20,"column":28}},{"start":{"line":20,"column":28},"end":{"line":20,"column":49}},{"start":{"line":20,"column":49},"end":{"line":20,"column":67}},{"start":{"line":20,"column":67},"end":{"line":20,"column":87}}],"line":20},"3":{"loc":{"start":{"line":29,"column":2},"end":{"line":40,"column":null}},"type":"if","locations":[{"start":{"line":29,"column":2},"end":{"line":40,"column":null}},{"start":{},"end":{}}],"line":29},"4":{"loc":{"start":{"line":30,"column":4},"end":{"line":34,"column":null}},"type":"binary-expr","locations":[{"start":{"line":30,"column":4},"end":{"line":30,"column":null}},{"start":{"line":31,"column":4},"end":{"line":31,"column":null}},{"start":{"line":32,"column":4},"end":{"line":32,"column":null}},{"start":{"line":33,"column":4},"end":{"line":33,"column":null}},{"start":{"line":34,"column":4},"end":{"line":34,"column":null}}],"line":30},"5":{"loc":{"start":{"line":44,"column":2},"end":{"line":49,"column":null}},"type":"if","locations":[{"start":{"line":44,"column":2},"end":{"line":49,"column":null}},{"start":{},"end":{}}],"line":44},"6":{"loc":{"start":{"line":53,"column":2},"end":{"line":65,"column":null}},"type":"if","locations":[{"start":{"line":53,"column":2},"end":{"line":65,"column":null}},{"start":{},"end":{}}],"line":53},"7":{"loc":{"start":{"line":57,"column":15},"end":{"line":57,"column":null}},"type":"cond-expr","locations":[{"start":{"line":57,"column":35},"end":{"line":57,"column":63}},{"start":{"line":57,"column":63},"end":{"line":57,"column":null}}],"line":57},"8":{"loc":{"start":{"line":57,"column":63},"end":{"line":57,"column":null}},"type":"binary-expr","locations":[{"start":{"line":57,"column":63},"end":{"line":57,"column":75}},{"start":{"line":57,"column":75},"end":{"line":57,"column":null}}],"line":57},"9":{"loc":{"start":{"line":60,"column":4},"end":{"line":65,"column":null}},"type":"if","locations":[{"start":{"line":60,"column":4},"end":{"line":65,"column":null}},{"start":{},"end":{}}],"line":60}},"s":{"0":20,"1":20,"2":20,"3":20,"4":4,"5":20,"6":2,"7":20,"8":8,"9":20,"10":6,"11":43,"12":43,"13":6,"14":3,"15":20},"f":{"0":20,"1":43},"b":{"0":[20,0],"1":[4,16],"2":[20,12,7,4],"3":[2,18],"4":[20,4,4,4,4],"5":[8,12],"6":[6,14],"7":[11,32],"8":[32,0],"9":[3,3]},"meta":{"lastBranch":10,"lastFunction":2,"lastStatement":16,"seen":{"f:11:16:11:Infinity":0,"s:15:44:15:46":0,"s:18:21:18:Infinity":1,"b:18:21:18:54:18:54:18:Infinity":0,"s:19:15:19:Infinity":2,"b:20:2:25:Infinity:undefined:undefined:undefined:undefined":1,"s:20:2:25:Infinity":3,"b:20:6:20:28:20:28:20:49:20:49:20:67:20:67:20:87":2,"s:21:4:25:Infinity":4,"b:29:2:40:Infinity:undefined:undefined:undefined:undefined":3,"s:29:2:40:Infinity":5,"b:30:4:30:Infinity:31:4:31:Infinity:32:4:32:Infinity:33:4:33:Infinity:34:4:34:Infinity":4,"s:36:4:40:Infinity":6,"b:44:2:49:Infinity:undefined:undefined:undefined:undefined":5,"s:44:2:49:Infinity":7,"s:45:4:49:Infinity":8,"b:53:2:65:Infinity:undefined:undefined:undefined:undefined":6,"s:53:2:65:Infinity":9,"s:54:20:58:Infinity":10,"f:55:23:55:28":1,"s:56:22:56:39":11,"s:57:8:57:Infinity":12,"b:57:35:57:63:57:63:57:Infinity":7,"b:57:63:57:75:57:75:57:Infinity":8,"b:60:4:65:Infinity:undefined:undefined:undefined:undefined":9,"s:60:4:65:Infinity":13,"s:61:6:65:Infinity":14,"s:69:2:69:Infinity":15}}}
,"/Users/neetagundala/Projects/ai_code_assistant_new/ai-preflight/src/core/analyzers/prompt-analyzer.ts": {"path":"/Users/neetagundala/Projects/ai_code_assistant_new/ai-preflight/src/core/analyzers/prompt-analyzer.ts","statementMap":{"0":{"start":{"line":16,"column":18},"end":{"line":16,"column":35}},"1":{"start":{"line":18,"column":2},"end":{"line":19,"column":null}},"2":{"start":{"line":19,"column":4},"end":{"line":19,"column":null}},"3":{"start":{"line":22,"column":19},"end":{"line":22,"column":44}},"4":{"start":{"line":23,"column":53},"end":{"line":23,"column":83}},"5":{"start":{"line":24,"column":24},"end":{"line":24,"column":63}},"6":{"start":{"line":25,"column":22},"end":{"line":25,"column":44}},"7":{"start":{"line":26,"column":23},"end":{"line":26,"column":57}},"8":{"start":{"line":27,"column":28},"end":{"line":27,"column":87}},"9":{"start":{"line":28,"column":20},"end":{"line":28,"column":44}},"10":{"start":{"line":29,"column":21},"end":{"line":29,"column":81}},"11":{"start":{"line":31,"column":2},"end":{"line":40,"column":null}},"12":{"start":{"line":44,"column":2},"end":{"line":53,"column":null}},"13":{"start":{"line":58,"column":67},"end":{"line":65,"column":null}},"14":{"start":{"line":68,"column":2},"end":{"line":70,"column":null}},"15":{"start":{"line":69,"column":4},"end":{"line":70,"column":null}},"16":{"start":{"line":70,"column":6},"end":{"line":70,"column":null}},"17":{"start":{"line":73,"column":2},"end":{"line":73,"column":null}},"18":{"start":{"line":85,"column":19},"end":{"line":101,"column":2}},"19":{"start":{"line":103,"column":21},"end":{"line":107,"column":2}},"20":{"start":{"line":109,"column":26},"end":{"line":109,"column":null}},"21":{"start":{"line":110,"column":26},"end":{"line":110,"column":null}},"22":{"start":{"line":111,"column":23},"end":{"line":111,"column":null}},"23":{"start":{"line":114,"column":25},"end":{"line":114,"column":42}},"24":{"start":{"line":115,"column":22},"end":{"line":115,"column":39}},"25":{"start":{"line":116,"column":22},"end":{"line":116,"column":46}},"26":{"start":{"line":120,"column":17},"end":{"line":120,"column":78}},"27":{"start":{"line":121,"column":2},"end":{"line":124,"column":null}},"28":{"start":{"line":122,"column":21},"end":{"line":122,"column":65}},"29":{"start":{"line":123,"column":4},"end":{"line":123,"column":null}},"30":{"start":{"line":124,"column":4},"end":{"line":124,"column":null}},"31":{"start":{"line":128,"column":17},"end":{"line":128,"column":78}},"32":{"start":{"line":129,"column":2},"end":{"line":134,"column":null}},"33":{"start":{"line":130,"column":21},"end":{"line":130,"column":54}},"34":{"start":{"line":131,"column":4},"end":{"line":134,"column":null}},"35":{"start":{"line":132,"column":6},"end":{"line":134,"column":null}},"36":{"start":{"line":133,"column":8},"end":{"line":133,"column":null}},"37":{"start":{"line":134,"column":8},"end":{"line":134,"column":null}},"38":{"start":{"line":140,"column":19},"end":{"line":140,"column":74}},"39":{"start":{"line":141,"column":2},"end":{"line":145,"column":null}},"40":{"start":{"line":142,"column":17},"end":{"line":142,"column":39}},"41":{"start":{"line":143,"column":4},"end":{"line":145,"column":null}},"42":{"start":{"line":144,"column":6},"end":{"line":144,"column":null}},"43":{"start":{"line":145,"column":6},"end":{"line":145,"column":null}},"44":{"start":{"line":150,"column":16},"end":{"line":153,"column":76}},"45":{"start":{"line":153,"column":17},"end":{"line":153,"column":75}},"46":{"start":{"line":155,"column":2},"end":{"line":156,"column":null}},"47":{"start":{"line":156,"column":4},"end":{"line":156,"column":null}},"48":{"start":{"line":159,"column":2},"end":{"line":159,"column":null}},"49":{"start":{"line":168,"column":2},"end":{"line":168,"column":null}},"50":{"start":{"line":168,"column":35},"end":{"line":168,"column":null}},"51":{"start":{"line":170,"column":19},"end":{"line":172,"column":null}},"52":{"start":{"line":172,"column":36},"end":{"line":172,"column":48}},"53":{"start":{"line":175,"column":2},"end":{"line":180,"column":null}},"54":{"start":{"line":177,"column":24},"end":{"line":177,"column":47}},"55":{"start":{"line":178,"column":6},"end":{"line":178,"column":null}},"56":{"start":{"line":178,"column":39},"end":{"line":178,"column":61}},"57":{"start":{"line":180,"column":14},"end":{"line":180,"column":21}},"58":{"start":{"line":189,"column":24},"end":{"line":191,"column":null}},"59":{"start":{"line":198,"column":28},"end":{"line":198,"column":30}},"60":{"start":{"line":201,"column":24},"end":{"line":201,"column":41}},"61":{"start":{"line":202,"column":2},"end":{"line":204,"column":null}},"62":{"start":{"line":203,"column":17},"end":{"line":203,"column":79}},"63":{"start":{"line":204,"column":4},"end":{"line":204,"column":null}},"64":{"start":{"line":204,"column":14},"end":{"line":204,"column":null}},"65":{"start":{"line":206,"column":2},"end":{"line":208,"column":null}},"66":{"start":{"line":207,"column":17},"end":{"line":207,"column":94}},"67":{"start":{"line":208,"column":4},"end":{"line":208,"column":null}},"68":{"start":{"line":208,"column":14},"end":{"line":208,"column":null}},"69":{"start":{"line":212,"column":17},"end":{"line":212,"column":null}},"70":{"start":{"line":214,"column":2},"end":{"line":217,"column":null}},"71":{"start":{"line":215,"column":21},"end":{"line":215,"column":65}},"72":{"start":{"line":216,"column":4},"end":{"line":217,"column":null}},"73":{"start":{"line":217,"column":6},"end":{"line":217,"column":null}},"74":{"start":{"line":222,"column":2},"end":{"line":229,"column":null}},"75":{"start":{"line":223,"column":4},"end":{"line":229,"column":null}},"76":{"start":{"line":224,"column":17},"end":{"line":224,"column":58}},"77":{"start":{"line":225,"column":6},"end":{"line":229,"column":null}},"78":{"start":{"line":226,"column":27},"end":{"line":226,"column":null}},"79":{"start":{"line":227,"column":25},"end":{"line":227,"column":null}},"80":{"start":{"line":228,"column":8},"end":{"line":229,"column":null}},"81":{"start":{"line":229,"column":10},"end":{"line":229,"column":null}},"82":{"start":{"line":238,"column":2},"end":{"line":238,"column":null}},"83":{"start":{"line":252,"column":2},"end":{"line":252,"column":null}},"84":{"start":{"line":252,"column":43},"end":{"line":252,"column":null}},"85":{"start":{"line":254,"column":33},"end":{"line":254,"column":35}},"86":{"start":{"line":256,"column":2},"end":{"line":266,"column":null}},"87":{"start":{"line":257,"column":4},"end":{"line":257,"column":null}},"88":{"start":{"line":257,"column":22},"end":{"line":257,"column":null}},"89":{"start":{"line":258,"column":4},"end":{"line":258,"column":null}},"90":{"start":{"line":258,"column":37},"end":{"line":258,"column":null}},"91":{"start":{"line":260,"column":22},"end":{"line":260,"column":44}},"92":{"start":{"line":263,"column":34},"end":{"line":263,"column":91}},"93":{"start":{"line":263,"column":68},"end":{"line":263,"column":90}},"94":{"start":{"line":264,"column":4},"end":{"line":264,"column":null}},"95":{"start":{"line":264,"column":31},"end":{"line":264,"column":null}},"96":{"start":{"line":266,"column":4},"end":{"line":266,"column":null}},"97":{"start":{"line":269,"column":2},"end":{"line":269,"column":null}},"98":{"start":{"line":279,"column":22},"end":{"line":279,"column":39}},"99":{"start":{"line":280,"column":2},"end":{"line":283,"column":null}},"100":{"start":{"line":281,"column":15},"end":{"line":281,"column":74}},"101":{"start":{"line":282,"column":4},"end":{"line":283,"column":null}},"102":{"start":{"line":283,"column":6},"end":{"line":283,"column":null}},"103":{"start":{"line":287,"column":2},"end":{"line":288,"column":null}},"104":{"start":{"line":288,"column":4},"end":{"line":288,"column":null}},"105":{"start":{"line":292,"column":26},"end":{"line":292,"column":null}},"106":{"start":{"line":293,"column":2},"end":{"line":294,"column":null}},"107":{"start":{"line":294,"column":4},"end":{"line":294,"column":null}},"108":{"start":{"line":298,"column":26},"end":{"line":302,"column":52}},"109":{"start":{"line":302,"column":17},"end":{"line":302,"column":51}},"110":{"start":{"line":304,"column":2},"end":{"line":305,"column":null}},"111":{"start":{"line":305,"column":4},"end":{"line":305,"column":null}},"112":{"start":{"line":309,"column":8},"end":{"line":309,"column":null}},"113":{"start":{"line":310,"column":2},"end":{"line":311,"column":null}},"114":{"start":{"line":311,"column":4},"end":{"line":311,"column":null}},"115":{"start":{"line":314,"column":2},"end":{"line":314,"column":null}},"116":{"start":{"line":324,"column":18},"end":{"line":324,"column":77}},"117":{"start":{"line":325,"column":2},"end":{"line":326,"column":null}},"118":{"start":{"line":326,"column":4},"end":{"line":326,"column":null}},"119":{"start":{"line":328,"column":2},"end":{"line":330,"column":null}},"120":{"start":{"line":329,"column":4},"end":{"line":330,"column":null}},"121":{"start":{"line":330,"column":6},"end":{"line":330,"column":null}},"122":{"start":{"line":334,"column":20},"end":{"line":334,"column":23}},"123":{"start":{"line":334,"column":38},"end":{"line":334,"column":null}},"124":{"start":{"line":335,"column":2},"end":{"line":340,"column":null}},"125":{"start":{"line":336,"column":17},"end":{"line":336,"column":34}},"126":{"start":{"line":337,"column":4},"end":{"line":340,"column":null}},"127":{"start":{"line":338,"column":20},"end":{"line":338,"column":85}},"128":{"start":{"line":339,"column":6},"end":{"line":339,"column":null}},"129":{"start":{"line":340,"column":6},"end":{"line":340,"column":null}},"130":{"start":{"line":344,"column":18},"end":{"line":344,"column":21}},"131":{"start":{"line":344,"column":34},"end":{"line":344,"column":null}},"132":{"start":{"line":345,"column":2},"end":{"line":350,"column":null}},"133":{"start":{"line":346,"column":17},"end":{"line":346,"column":34}},"134":{"start":{"line":347,"column":4},"end":{"line":350,"column":null}},"135":{"start":{"line":348,"column":20},"end":{"line":348,"column":85}},"136":{"start":{"line":349,"column":6},"end":{"line":349,"column":null}},"137":{"start":{"line":350,"column":6},"end":{"line":350,"column":null}},"138":{"start":{"line":354,"column":2},"end":{"line":357,"column":null}}},"fnMap":{"0":{"name":"analyzePrompt","decl":{"start":{"line":11,"column":16},"end":{"line":11,"column":null}},"loc":{"start":{"line":15,"column":18},"end":{"line":40,"column":null}},"line":15},"1":{"name":"emptyAnalysis","decl":{"start":{"line":43,"column":9},"end":{"line":43,"column":41}},"loc":{"start":{"line":43,"column":41},"end":{"line":53,"column":null}},"line":43},"2":{"name":"classifyTaskType","decl":{"start":{"line":67,"column":9},"end":{"line":67,"column":26}},"loc":{"start":{"line":67,"column":63},"end":{"line":73,"column":null}},"line":67},"3":{"name":"extractIntentKeywords","decl":{"start":{"line":113,"column":16},"end":{"line":113,"column":38}},"loc":{"start":{"line":113,"column":93},"end":{"line":159,"column":null}},"line":113},"4":{"name":"(anonymous_4)","decl":{"start":{"line":153,"column":5},"end":{"line":153,"column":12}},"loc":{"start":{"line":153,"column":17},"end":{"line":153,"column":75}},"line":153},"5":{"name":"findMatchingFiles","decl":{"start":{"line":164,"column":9},"end":{"line":164,"column":null}},"loc":{"start":{"line":167,"column":12},"end":{"line":180,"column":null}},"line":167},"6":{"name":"(anonymous_6)","decl":{"start":{"line":172,"column":24},"end":{"line":172,"column":31}},"loc":{"start":{"line":172,"column":36},"end":{"line":172,"column":48}},"line":172},"7":{"name":"(anonymous_7)","decl":{"start":{"line":176,"column":5},"end":{"line":176,"column":12}},"loc":{"start":{"line":176,"column":20},"end":{"line":179,"column":null}},"line":176},"8":{"name":"(anonymous_8)","decl":{"start":{"line":178,"column":28},"end":{"line":178,"column":33}},"loc":{"start":{"line":178,"column":39},"end":{"line":178,"column":61}},"line":178},"9":{"name":"(anonymous_9)","decl":{"start":{"line":180,"column":5},"end":{"line":180,"column":9}},"loc":{"start":{"line":180,"column":14},"end":{"line":180,"column":21}},"line":180},"10":{"name":"findMissingFiles","decl":{"start":{"line":194,"column":9},"end":{"line":194,"column":null}},"loc":{"start":{"line":197,"column":12},"end":{"line":238,"column":null}},"line":197},"11":{"name":"findLowRelevanceFiles","decl":{"start":{"line":246,"column":9},"end":{"line":246,"column":null}},"loc":{"start":{"line":250,"column":12},"end":{"line":269,"column":null}},"line":250},"12":{"name":"(anonymous_12)","decl":{"start":{"line":263,"column":57},"end":{"line":263,"column":62}},"loc":{"start":{"line":263,"column":68},"end":{"line":263,"column":90}},"line":263},"13":{"name":"detectScopeHint","decl":{"start":{"line":277,"column":9},"end":{"line":277,"column":25}},"loc":{"start":{"line":277,"column":60},"end":{"line":314,"column":null}},"line":277},"14":{"name":"(anonymous_14)","decl":{"start":{"line":302,"column":5},"end":{"line":302,"column":12}},"loc":{"start":{"line":302,"column":17},"end":{"line":302,"column":51}},"line":302},"15":{"name":"computeTokenSplit","decl":{"start":{"line":319,"column":9},"end":{"line":319,"column":null}},"loc":{"start":{"line":323,"column":86},"end":{"line":357,"column":null}},"line":323}},"branchMap":{"0":{"loc":{"start":{"line":18,"column":2},"end":{"line":19,"column":null}},"type":"if","locations":[{"start":{"line":18,"column":2},"end":{"line":19,"column":null}},{"start":{},"end":{}}],"line":18},"1":{"loc":{"start":{"line":69,"column":4},"end":{"line":70,"column":null}},"type":"if","locations":[{"start":{"line":69,"column":4},"end":{"line":70,"column":null}},{"start":{},"end":{}}],"line":69},"2":{"loc":{"start":{"line":132,"column":6},"end":{"line":134,"column":null}},"type":"if","locations":[{"start":{"line":132,"column":6},"end":{"line":134,"column":null}},{"start":{},"end":{}}],"line":132},"3":{"loc":{"start":{"line":132,"column":10},"end":{"line":132,"column":74}},"type":"binary-expr","locations":[{"start":{"line":132,"column":10},"end":{"line":132,"column":28}},{"start":{"line":132,"column":28},"end":{"line":132,"column":48}},{"start":{"line":132,"column":52},"end":{"line":132,"column":74}}],"line":132},"4":{"loc":{"start":{"line":143,"column":4},"end":{"line":145,"column":null}},"type":"if","locations":[{"start":{"line":143,"column":4},"end":{"line":145,"column":null}},{"start":{},"end":{}}],"line":143},"5":{"loc":{"start":{"line":143,"column":8},"end":{"line":143,"column":56}},"type":"binary-expr","locations":[{"start":{"line":143,"column":8},"end":{"line":143,"column":29}},{"start":{"line":143,"column":33},"end":{"line":143,"column":56}}],"line":143},"6":{"loc":{"start":{"line":153,"column":17},"end":{"line":153,"column":75}},"type":"binary-expr","locations":[{"start":{"line":153,"column":17},"end":{"line":153,"column":33}},{"start":{"line":153,"column":33},"end":{"line":153,"column":51}},{"start":{"line":153,"column":55},"end":{"line":153,"column":75}}],"line":153},"7":{"loc":{"start":{"line":168,"column":2},"end":{"line":168,"column":null}},"type":"if","locations":[{"start":{"line":168,"column":2},"end":{"line":168,"column":null}},{"start":{},"end":{}}],"line":168},"8":{"loc":{"start":{"line":171,"column":8},"end":{"line":171,"column":54}},"type":"cond-expr","locations":[{"start":{"line":171,"column":29},"end":{"line":171,"column":49}},{"start":{"line":171,"column":52},"end":{"line":171,"column":54}}],"line":171},"9":{"loc":{"start":{"line":204,"column":4},"end":{"line":204,"column":null}},"type":"if","locations":[{"start":{"line":204,"column":4},"end":{"line":204,"column":null}},{"start":{},"end":{}}],"line":204},"10":{"loc":{"start":{"line":206,"column":2},"end":{"line":208,"column":null}},"type":"if","locations":[{"start":{"line":206,"column":2},"end":{"line":208,"column":null}},{"start":{},"end":{}}],"line":206},"11":{"loc":{"start":{"line":208,"column":4},"end":{"line":208,"column":null}},"type":"if","locations":[{"start":{"line":208,"column":4},"end":{"line":208,"column":null}},{"start":{},"end":{}}],"line":208},"12":{"loc":{"start":{"line":216,"column":4},"end":{"line":217,"column":null}},"type":"if","locations":[{"start":{"line":216,"column":4},"end":{"line":217,"column":null}},{"start":{},"end":{}}],"line":216},"13":{"loc":{"start":{"line":222,"column":2},"end":{"line":229,"column":null}},"type":"if","locations":[{"start":{"line":222,"column":2},"end":{"line":229,"column":null}},{"start":{},"end":{}}],"line":222},"14":{"loc":{"start":{"line":227,"column":25},"end":{"line":227,"column":null}},"type":"binary-expr","locations":[{"start":{"line":227,"column":25},"end":{"line":227,"column":75}},{"start":{"line":227,"column":79},"end":{"line":227,"column":null}}],"line":227},"15":{"loc":{"start":{"line":228,"column":8},"end":{"line":229,"column":null}},"type":"if","locations":[{"start":{"line":228,"column":8},"end":{"line":229,"column":null}},{"start":{},"end":{}}],"line":228},"16":{"loc":{"start":{"line":228,"column":12},"end":{"line":228,"column":52}},"type":"binary-expr","locations":[{"start":{"line":228,"column":12},"end":{"line":228,"column":24}},{"start":{"line":228,"column":24},"end":{"line":228,"column":52}}],"line":228},"17":{"loc":{"start":{"line":252,"column":2},"end":{"line":252,"column":null}},"type":"if","locations":[{"start":{"line":252,"column":2},"end":{"line":252,"column":null}},{"start":{},"end":{}}],"line":252},"18":{"loc":{"start":{"line":257,"column":4},"end":{"line":257,"column":null}},"type":"if","locations":[{"start":{"line":257,"column":4},"end":{"line":257,"column":null}},{"start":{},"end":{}}],"line":257},"19":{"loc":{"start":{"line":258,"column":4},"end":{"line":258,"column":null}},"type":"if","locations":[{"start":{"line":258,"column":4},"end":{"line":258,"column":null}},{"start":{},"end":{}}],"line":258},"20":{"loc":{"start":{"line":264,"column":4},"end":{"line":264,"column":null}},"type":"if","locations":[{"start":{"line":264,"column":4},"end":{"line":264,"column":null}},{"start":{},"end":{}}],"line":264},"21":{"loc":{"start":{"line":282,"column":4},"end":{"line":283,"column":null}},"type":"if","locations":[{"start":{"line":282,"column":4},"end":{"line":283,"column":null}},{"start":{},"end":{}}],"line":282},"22":{"loc":{"start":{"line":287,"column":2},"end":{"line":288,"column":null}},"type":"if","locations":[{"start":{"line":287,"column":2},"end":{"line":288,"column":null}},{"start":{},"end":{}}],"line":287},"23":{"loc":{"start":{"line":293,"column":2},"end":{"line":294,"column":null}},"type":"if","locations":[{"start":{"line":293,"column":2},"end":{"line":294,"column":null}},{"start":{},"end":{}}],"line":293},"24":{"loc":{"start":{"line":293,"column":6},"end":{"line":293,"column":63}},"type":"binary-expr","locations":[{"start":{"line":293,"column":6},"end":{"line":293,"column":31}},{"start":{"line":293,"column":31},"end":{"line":293,"column":63}}],"line":293},"25":{"loc":{"start":{"line":302,"column":17},"end":{"line":302,"column":51}},"type":"binary-expr","locations":[{"start":{"line":302,"column":17},"end":{"line":302,"column":33}},{"start":{"line":302,"column":33},"end":{"line":302,"column":51}}],"line":302},"26":{"loc":{"start":{"line":304,"column":2},"end":{"line":305,"column":null}},"type":"if","locations":[{"start":{"line":304,"column":2},"end":{"line":305,"column":null}},{"start":{},"end":{}}],"line":304},"27":{"loc":{"start":{"line":309,"column":20},"end":{"line":309,"column":55}},"type":"binary-expr","locations":[{"start":{"line":309,"column":20},"end":{"line":309,"column":49}},{"start":{"line":309,"column":53},"end":{"line":309,"column":55}}],"line":309},"28":{"loc":{"start":{"line":310,"column":2},"end":{"line":311,"column":null}},"type":"if","locations":[{"start":{"line":310,"column":2},"end":{"line":311,"column":null}},{"start":{},"end":{}}],"line":310},"29":{"loc":{"start":{"line":325,"column":2},"end":{"line":326,"column":null}},"type":"if","locations":[{"start":{"line":325,"column":2},"end":{"line":326,"column":null}},{"start":{},"end":{}}],"line":325},"30":{"loc":{"start":{"line":329,"column":4},"end":{"line":330,"column":null}},"type":"if","locations":[{"start":{"line":329,"column":4},"end":{"line":330,"column":null}},{"start":{},"end":{}}],"line":329},"31":{"loc":{"start":{"line":337,"column":4},"end":{"line":340,"column":null}},"type":"if","locations":[{"start":{"line":337,"column":4},"end":{"line":340,"column":null}},{"start":{},"end":{}}],"line":337},"32":{"loc":{"start":{"line":338,"column":20},"end":{"line":338,"column":85}},"type":"cond-expr","locations":[{"start":{"line":338,"column":36},"end":{"line":338,"column":53}},{"start":{"line":338,"column":53},"end":{"line":338,"column":85}}],"line":338},"33":{"loc":{"start":{"line":347,"column":4},"end":{"line":350,"column":null}},"type":"if","locations":[{"start":{"line":347,"column":4},"end":{"line":350,"column":null}},{"start":{},"end":{}}],"line":347},"34":{"loc":{"start":{"line":348,"column":20},"end":{"line":348,"column":85}},"type":"cond-expr","locations":[{"start":{"line":348,"column":36},"end":{"line":348,"column":53}},{"start":{"line":348,"column":53},"end":{"line":348,"column":85}}],"line":348}},"s":{"0":28,"1":28,"2":2,"3":26,"4":26,"5":26,"6":26,"7":26,"8":26,"9":26,"10":26,"11":26,"12":2,"13":1,"14":26,"15":70,"16":25,"17":1,"18":1,"19":1,"20":1,"21":1,"22":1,"23":31,"24":31,"25":31,"26":31,"27":31,"28":3,"29":3,"30":3,"31":31,"32":31,"33":1,"34":1,"35":3,"36":3,"37":3,"38":31,"39":31,"40":15,"41":15,"42":15,"43":15,"44":31,"45":135,"46":31,"47":59,"48":31,"49":26,"50":2,"51":24,"52":35,"53":26,"54":35,"55":35,"56":57,"57":12,"58":1,"59":26,"60":26,"61":26,"62":38,"63":38,"64":38,"65":26,"66":25,"67":25,"68":25,"69":26,"70":26,"71":2,"72":2,"73":1,"74":26,"75":1,"76":2,"77":2,"78":2,"79":2,"80":2,"81":2,"82":26,"83":26,"84":11,"85":15,"86":15,"87":23,"88":14,"89":9,"90":3,"91":6,"92":6,"93":6,"94":6,"95":0,"96":6,"97":15,"98":26,"99":26,"100":156,"101":156,"102":29,"103":26,"104":1,"105":25,"106":25,"107":1,"108":24,"109":94,"110":24,"111":6,"112":18,"113":26,"114":0,"115":18,"116":26,"117":26,"118":25,"119":26,"120":38,"121":13,"122":26,"123":26,"124":26,"125":12,"126":12,"127":12,"128":12,"129":12,"130":26,"131":26,"132":26,"133":6,"134":6,"135":6,"136":6,"137":6,"138":26},"f":{"0":28,"1":2,"2":26,"3":31,"4":135,"5":26,"6":35,"7":35,"8":57,"9":12,"10":26,"11":26,"12":6,"13":26,"14":94,"15":26},"b":{"0":[2,26],"1":[25,45],"2":[3,0],"3":[3,3,3],"4":[15,0],"5":[15,15],"6":[135,126,92],"7":[2,24],"8":[23,1],"9":[38,0],"10":[25,1],"11":[25,0],"12":[1,1],"13":[1,25],"14":[2,0],"15":[2,0],"16":[2,2],"17":[11,15],"18":[14,9],"19":[3,6],"20":[0,6],"21":[29,127],"22":[1,25],"23":[1,24],"24":[25,2],"25":[94,87],"26":[6,18],"27":[18,18],"28":[0,26],"29":[25,1],"30":[13,25],"31":[12,0],"32":[9,3],"33":[6,0],"34":[0,6]},"meta":{"lastBranch":35,"lastFunction":16,"lastStatement":139,"seen":{"f:11:16:11:Infinity":0,"s:16:18:16:35":0,"b:18:2:19:Infinity:undefined:undefined:undefined:undefined":0,"s:18:2:19:Infinity":1,"s:19:4:19:Infinity":2,"s:22:19:22:44":3,"s:23:53:23:83":4,"s:24:24:24:63":5,"s:25:22:25:44":6,"s:26:23:26:57":7,"s:27:28:27:87":8,"s:28:20:28:44":9,"s:29:21:29:81":10,"s:31:2:40:Infinity":11,"f:43:9:43:41":1,"s:44:2:53:Infinity":12,"s:58:67:65:Infinity":13,"f:67:9:67:26":2,"s:68:2:70:Infinity":14,"b:69:4:70:Infinity:undefined:undefined:undefined:undefined":1,"s:69:4:70:Infinity":15,"s:70:6:70:Infinity":16,"s:73:2:73:Infinity":17,"s:85:19:101:2":18,"s:103:21:107:2":19,"s:109:26:109:Infinity":20,"s:110:26:110:Infinity":21,"s:111:23:111:Infinity":22,"f:113:16:113:38":3,"s:114:25:114:42":23,"s:115:22:115:39":24,"s:116:22:116:46":25,"s:120:17:120:78":26,"s:121:2:124:Infinity":27,"s:122:21:122:65":28,"s:123:4:123:Infinity":29,"s:124:4:124:Infinity":30,"s:128:17:128:78":31,"s:129:2:134:Infinity":32,"s:130:21:130:54":33,"s:131:4:134:Infinity":34,"b:132:6:134:Infinity:undefined:undefined:undefined:undefined":2,"s:132:6:134:Infinity":35,"b:132:10:132:28:132:28:132:48:132:52:132:74":3,"s:133:8:133:Infinity":36,"s:134:8:134:Infinity":37,"s:140:19:140:74":38,"s:141:2:145:Infinity":39,"s:142:17:142:39":40,"b:143:4:145:Infinity:undefined:undefined:undefined:undefined":4,"s:143:4:145:Infinity":41,"b:143:8:143:29:143:33:143:56":5,"s:144:6:144:Infinity":42,"s:145:6:145:Infinity":43,"s:150:16:153:76":44,"f:153:5:153:12":4,"s:153:17:153:75":45,"b:153:17:153:33:153:33:153:51:153:55:153:75":6,"s:155:2:156:Infinity":46,"s:156:4:156:Infinity":47,"s:159:2:159:Infinity":48,"f:164:9:164:Infinity":5,"b:168:2:168:Infinity:undefined:undefined:undefined:undefined":7,"s:168:2:168:Infinity":49,"s:168:35:168:Infinity":50,"s:170:19:172:Infinity":51,"b:171:29:171:49:171:52:171:54":8,"f:172:24:172:31":6,"s:172:36:172:48":52,"s:175:2:180:Infinity":53,"f:176:5:176:12":7,"s:177:24:177:47":54,"s:178:6:178:Infinity":55,"f:178:28:178:33":8,"s:178:39:178:61":56,"f:180:5:180:9":9,"s:180:14:180:21":57,"s:189:24:191:Infinity":58,"f:194:9:194:Infinity":10,"s:198:28:198:30":59,"s:201:24:201:41":60,"s:202:2:204:Infinity":61,"s:203:17:203:79":62,"b:204:4:204:Infinity:undefined:undefined:undefined:undefined":9,"s:204:4:204:Infinity":63,"s:204:14:204:Infinity":64,"b:206:2:208:Infinity:undefined:undefined:undefined:undefined":10,"s:206:2:208:Infinity":65,"s:207:17:207:94":66,"b:208:4:208:Infinity:undefined:undefined:undefined:undefined":11,"s:208:4:208:Infinity":67,"s:208:14:208:Infinity":68,"s:212:17:212:Infinity":69,"s:214:2:217:Infinity":70,"s:215:21:215:65":71,"b:216:4:217:Infinity:undefined:undefined:undefined:undefined":12,"s:216:4:217:Infinity":72,"s:217:6:217:Infinity":73,"b:222:2:229:Infinity:undefined:undefined:undefined:undefined":13,"s:222:2:229:Infinity":74,"s:223:4:229:Infinity":75,"s:224:17:224:58":76,"s:225:6:229:Infinity":77,"s:226:27:226:Infinity":78,"s:227:25:227:Infinity":79,"b:227:25:227:75:227:79:227:Infinity":14,"b:228:8:229:Infinity:undefined:undefined:undefined:undefined":15,"s:228:8:229:Infinity":80,"b:228:12:228:24:228:24:228:52":16,"s:229:10:229:Infinity":81,"s:238:2:238:Infinity":82,"f:246:9:246:Infinity":11,"b:252:2:252:Infinity:undefined:undefined:undefined:undefined":17,"s:252:2:252:Infinity":83,"s:252:43:252:Infinity":84,"s:254:33:254:35":85,"s:256:2:266:Infinity":86,"b:257:4:257:Infinity:undefined:undefined:undefined:undefined":18,"s:257:4:257:Infinity":87,"s:257:22:257:Infinity":88,"b:258:4:258:Infinity:undefined:undefined:undefined:undefined":19,"s:258:4:258:Infinity":89,"s:258:37:258:Infinity":90,"s:260:22:260:44":91,"s:263:34:263:91":92,"f:263:57:263:62":12,"s:263:68:263:90":93,"b:264:4:264:Infinity:undefined:undefined:undefined:undefined":20,"s:264:4:264:Infinity":94,"s:264:31:264:Infinity":95,"s:266:4:266:Infinity":96,"s:269:2:269:Infinity":97,"f:277:9:277:25":13,"s:279:22:279:39":98,"s:280:2:283:Infinity":99,"s:281:15:281:74":100,"b:282:4:283:Infinity:undefined:undefined:undefined:undefined":21,"s:282:4:283:Infinity":101,"s:283:6:283:Infinity":102,"b:287:2:288:Infinity:undefined:undefined:undefined:undefined":22,"s:287:2:288:Infinity":103,"s:288:4:288:Infinity":104,"s:292:26:292:Infinity":105,"b:293:2:294:Infinity:undefined:undefined:undefined:undefined":23,"s:293:2:294:Infinity":106,"b:293:6:293:31:293:31:293:63":24,"s:294:4:294:Infinity":107,"s:298:26:302:52":108,"f:302:5:302:12":14,"s:302:17:302:51":109,"b:302:17:302:33:302:33:302:51":25,"b:304:2:305:Infinity:undefined:undefined:undefined:undefined":26,"s:304:2:305:Infinity":110,"s:305:4:305:Infinity":111,"s:309:8:309:Infinity":112,"b:309:20:309:49:309:53:309:55":27,"b:310:2:311:Infinity:undefined:undefined:undefined:undefined":28,"s:310:2:311:Infinity":113,"s:311:4:311:Infinity":114,"s:314:2:314:Infinity":115,"f:319:9:319:Infinity":15,"s:324:18:324:77":116,"b:325:2:326:Infinity:undefined:undefined:undefined:undefined":29,"s:325:2:326:Infinity":117,"s:326:4:326:Infinity":118,"s:328:2:330:Infinity":119,"b:329:4:330:Infinity:undefined:undefined:undefined:undefined":30,"s:329:4:330:Infinity":120,"s:330:6:330:Infinity":121,"s:334:20:334:23":122,"s:334:38:334:Infinity":123,"s:335:2:340:Infinity":124,"s:336:17:336:34":125,"b:337:4:340:Infinity:undefined:undefined:undefined:undefined":31,"s:337:4:340:Inf
[...]
column":54},"end":{"line":388,"column":87}},"87":{"start":{"line":390,"column":4},"end":{"line":392,"column":null}},"88":{"start":{"line":393,"column":2},"end":{"line":415,"column":null}},"89":{"start":{"line":395,"column":6},"end":{"line":397,"column":null}},"90":{"start":{"line":398,"column":4},"end":{"line":404,"column":null}},"91":{"start":{"line":405,"column":4},"end":{"line":415,"column":null}},"92":{"start":{"line":419,"column":2},"end":{"line":443,"column":null}},"93":{"start":{"line":420,"column":25},"end":{"line":424,"column":null}},"94":{"start":{"line":422,"column":8},"end":{"line":424,"column":null}},"95":{"start":{"line":426,"column":4},"end":{"line":443,"column":null}},"96":{"start":{"line":427,"column":6},"end":{"line":433,"column":null}},"97":{"start":{"line":434,"column":6},"end":{"line":443,"column":null}},"98":{"start":{"line":447,"column":2},"end":{"line":447,"column":null}},"99":{"start":{"line":451,"column":2},"end":{"line":451,"column":null}}},"fnMap":{"0":{"name":"detectWaste","decl":{"start":{"line":29,"column":16},"end":{"line":29,"column":null}},"loc":{"start":{"line":32,"column":27},"end":{"line":447,"column":null}},"line":32},"1":{"name":"(anonymous_1)","decl":{"start":{"line":85,"column":42},"end":{"line":85,"column":null}},"loc":{"start":{"line":86,"column":11},"end":{"line":86,"column":52}},"line":86},"2":{"name":"(anonymous_2)","decl":{"start":{"line":114,"column":41},"end":{"line":114,"column":null}},"loc":{"start":{"line":115,"column":11},"end":{"line":115,"column":51}},"line":115},"3":{"name":"(anonymous_3)","decl":{"start":{"line":223,"column":36},"end":{"line":223,"column":44}},"loc":{"start":{"line":224,"column":4},"end":{"line":224,"column":35}},"line":224},"4":{"name":"(anonymous_4)","decl":{"start":{"line":226,"column":36},"end":{"line":226,"column":null}},"loc":{"start":{"line":227,"column":11},"end":{"line":227,"column":43}},"line":227},"5":{"name":"(anonymous_5)","decl":{"start":{"line":256,"column":23},"end":{"line":256,"column":28}},"loc":{"start":{"line":256,"column":34},"end":{"line":262,"column":null}},"line":256},"6":{"name":"(anonymous_6)","decl":{"start":{"line":340,"column":50},"end":{"line":340,"column":null}},"loc":{"start":{"line":341,"column":19},"end":{"line":341,"column":null}},"line":341},"7":{"name":"(anonymous_7)","decl":{"start":{"line":384,"column":8},"end":{"line":384,"column":27}},"loc":{"start":{"line":385,"column":4},"end":{"line":386,"column":null}},"line":385},"8":{"name":"(anonymous_8)","decl":{"start":{"line":388,"column":42},"end":{"line":388,"column":48}},"loc":{"start":{"line":388,"column":54},"end":{"line":388,"column":87}},"line":388},"9":{"name":"(anonymous_9)","decl":{"start":{"line":420,"column":42},"end":{"line":420,"column":null}},"loc":{"start":{"line":422,"column":8},"end":{"line":424,"column":null}},"line":422},"10":{"name":"fileName","decl":{"start":{"line":450,"column":9},"end":{"line":450,"column":18}},"loc":{"start":{"line":450,"column":40},"end":{"line":451,"column":null}},"line":450}},"branchMap":{"0":{"loc":{"start":{"line":35,"column":18},"end":{"line":35,"column":54}},"type":"binary-expr","locations":[{"start":{"line":35,"column":18},"end":{"line":35,"column":49}},{"start":{"line":35,"column":49},"end":{"line":35,"column":54}}],"line":35},"1":{"loc":{"start":{"line":38,"column":2},"end":{"line":54,"column":null}},"type":"if","locations":[{"start":{"line":38,"column":2},"end":{"line":54,"column":null}},{"start":{},"end":{}}],"line":38},"2":{"loc":{"start":{"line":39,"column":4},"end":{"line":40,"column":57}},"type":"binary-expr","locations":[{"start":{"line":39,"column":4},"end":{"line":39,"column":null}},{"start":{"line":40,"column":4},"end":{"line":40,"column":57}}],"line":39},"3":{"loc":{"start":{"line":58,"column":2},"end":{"line":81,"column":null}},"type":"if","locations":[{"start":{"line":58,"column":2},"end":{"line":81,"column":null}},{"start":{},"end":{}}],"line":58},"4":{"loc":{"start":{"line":59,"column":4},"end":{"line":61,"column":null}},"type":"binary-expr","locations":[{"start":{"line":59,"column":4},"end":{"line":59,"column":null}},{"start":{"line":60,"column":5},"end":{"line":60,"column":null}},{"start":{"line":61,"column":6},"end":{"line":61,"column":null}}],"line":59},"5":{"loc":{"start":{"line":66,"column":19},"end":{"line":68,"column":null}},"type":"cond-expr","locations":[{"start":{"line":67,"column":10},"end":{"line":67,"column":null}},{"start":{"line":68,"column":10},"end":{"line":68,"column":null}}],"line":66},"6":{"loc":{"start":{"line":89,"column":5},"end":{"line":91,"column":null}},"type":"cond-expr","locations":[{"start":{"line":90,"column":8},"end":{"line":90,"column":null}},{"start":{"line":91,"column":8},"end":{"line":91,"column":null}}],"line":89},"7":{"loc":{"start":{"line":89,"column":5},"end":{"line":89,"column":85}},"type":"binary-expr","locations":[{"start":{"line":89,"column":5},"end":{"line":89,"column":27}},{"start":{"line":89,"column":27},"end":{"line":89,"column":85}}],"line":89},"8":{"loc":{"start":{"line":92,"column":2},"end":{"line":110,"column":null}},"type":"if","locations":[{"start":{"line":92,"column":2},"end":{"line":110,"column":null}},{"start":{},"end":{}}],"line":92},"9":{"loc":{"start":{"line":118,"column":5},"end":{"line":120,"column":null}},"type":"cond-expr","locations":[{"start":{"line":119,"column":8},"end":{"line":119,"column":null}},{"start":{"line":120,"column":8},"end":{"line":120,"column":null}}],"line":118},"10":{"loc":{"start":{"line":118,"column":5},"end":{"line":118,"column":84}},"type":"binary-expr","locations":[{"start":{"line":118,"column":5},"end":{"line":118,"column":27}},{"start":{"line":118,"column":27},"end":{"line":118,"column":84}}],"line":118},"11":{"loc":{"start":{"line":121,"column":2},"end":{"line":139,"column":null}},"type":"if","locations":[{"start":{"line":121,"column":2},"end":{"line":139,"column":null}},{"start":{},"end":{}}],"line":121},"12":{"loc":{"start":{"line":143,"column":2},"end":{"line":159,"column":null}},"type":"if","locations":[{"start":{"line":143,"column":2},"end":{"line":159,"column":null}},{"start":{},"end":{}}],"line":143},"13":{"loc":{"start":{"line":144,"column":4},"end":{"line":145,"column":null}},"type":"binary-expr","locations":[{"start":{"line":144,"column":4},"end":{"line":144,"column":null}},{"start":{"line":145,"column":4},"end":{"line":145,"column":null}}],"line":144},"14":{"loc":{"start":{"line":163,"column":2},"end":{"line":180,"column":null}},"type":"if","locations":[{"start":{"line":163,"column":2},"end":{"line":180,"column":null}},{"start":{},"end":{}}],"line":163},"15":{"loc":{"start":{"line":184,"column":2},"end":{"line":197,"column":null}},"type":"if","locations":[{"start":{"line":184,"column":2},"end":{"line":197,"column":null}},{"start":{},"end":{}}],"line":184},"16":{"loc":{"start":{"line":201,"column":2},"end":{"line":218,"column":null}},"type":"if","locations":[{"start":{"line":201,"column":2},"end":{"line":218,"column":null}},{"start":{},"end":{}}],"line":201},"17":{"loc":{"start":{"line":201,"column":6},"end":{"line":201,"column":56}},"type":"binary-expr","locations":[{"start":{"line":201,"column":6},"end":{"line":201,"column":28}},{"start":{"line":201,"column":28},"end":{"line":201,"column":56}}],"line":201},"18":{"loc":{"start":{"line":229,"column":2},"end":{"line":250,"column":null}},"type":"if","locations":[{"start":{"line":229,"column":2},"end":{"line":250,"column":null}},{"start":{},"end":{}}],"line":229},"19":{"loc":{"start":{"line":230,"column":4},"end":{"line":232,"column":null}},"type":"binary-expr","locations":[{"start":{"line":230,"column":4},"end":{"line":230,"column":null}},{"start":{"line":231,"column":4},"end":{"line":231,"column":null}},{"start":{"line":232,"column":4},"end":{"line":232,"column":null}}],"line":230},"20":{"loc":{"start":{"line":254,"column":2},"end":{"line":281,"column":null}},"type":"if","locations":[{"start":{"line":254,"column":2},"end":{"line":281,"column":null}},{"start":{},"end":{}}],"line":254},"21":{"loc":{"start":{"line":258,"column":8},"end":{"line":259,"column":null}},"type":"if","locations":[{"start":{"line":258,"column":8},"end":{"line":259,"column":null}},{"start":{},"end":{}}],"line":258},"22":{"loc":{"start":{"line":261,"column":15},"end":{"line":261,"column":null}},"type":"cond-expr","locations":[{"start":{"line":261,"column":35},"end":{"line":261,"column":46}},{"start":{"line":261,"column":46},"end":{"line":261,"column":null}}],"line":261},"23":{"loc":{"start":{"line":264,"column":4},"end":{"line":281,"column":null}},"type":"if","locations":[{"start":{"line":264,"column":4},"end":{"line":281,"column":null}},{"start":{},"end":{}}],"line":264},"24":{"loc":{"start":{"line":286,"column":2},"end":{"line":307,"column":null}},"type":"if","locations":[{"start":{"line":286,"column":2},"end":{"line":307,"column":null}},{"start":{},"end":{}}],"line":286},"25":{"loc":{"start":{"line":287,"column":4},"end":{"line":289,"column":null}},"type":"binary-expr","locations":[{"start":{"line":287,"column":4},"end":{"line":287,"column":null}},{"start":{"line":288,"column":4},"end":{"line":288,"column":null}},{"start":{"line":289,"column":4},"end":{"line":289,"column":null}}],"line":287},"26":{"loc":{"start":{"line":311,"column":2},"end":{"line":332,"column":null}},"type":"if","locations":[{"start":{"line":311,"column":2},"end":{"line":332,"column":null}},{"start":{},"end":{}}],"line":311},"27":{"loc":{"start":{"line":312,"column":4},"end":{"line":315,"column":null}},"type":"binary-expr","locations":[{"start":{"line":312,"column":4},"end":{"line":312,"column":null}},{"start":{"line":313,"column":4},"end":{"line":313,"column":null}},{"start":{"line":314,"column":4},"end":{"line":315,"column":null}}],"line":312},"28":{"loc":{"start":{"line":338,"column":30},"end":{"line":338,"column":63}},"type":"binary-expr","locations":[{"start":{"line":338,"column":30},"end":{"line":338,"column":54}},{"start":{"line":338,"column":58},"end":{"line":338,"column":63}}],"line":338},"29":{"loc":{"start":{"line":343,"column":2},"end":{"line":360,"column":null}},"type":"if","locations":[{"start":{"line":343,"column":2},"end":{"line":360,"column":null}},{"start":{},"end":{}}],"line":343},"30":{"loc":{"start":{"line":364,"column":2},"end":{"line":377,"column":null}},"type":"if","locations":[{"start":{"line":364,"column":2},"end":{"line":377,"column":null}},{"start":{},"end":{}}],"line":364},"31":{"loc":{"start":{"line":364,"column":6},"end":{"line":364,"column":67}},"type":"binary-expr","locations":[{"start":{"line":364,"column":6},"end":{"line":364,"column":28}},{"start":{"line":364,"column":28},"end":{"line":364,"column":67}}],"line":364},"32":{"loc":{"start":{"line":385,"column":4},"end":{"line":386,"column":null}},"type":"binary-expr","locations":[{"start":{"line":385,"column":4},"end":{"line":385,"column":45}},{"start":{"line":386,"column":5},"end":{"line":386,"column":50}},{"start":{"line":386,"column":50},"end":{"line":386,"column":null}}],"line":385},"33":{"loc":{"start":{"line":388,"column":54},"end":{"line":388,"column":87}},"type":"binary-expr","locations":[{"start":{"line":388,"column":54},"end":{"line":388,"column":69}},{"start":{"line":388,"column":69},"end":{"line":388,"column":87}}],"line":388},"34":{"loc":{"start":{"line":390,"column":4},"end":{"line":392,"column":null}},"type":"cond-expr","locations":[{"start":{"line":391,"column":8},"end":{"line":391,"column":null}},{"start":{"line":392,"column":8},"end":{"line":392,"column":null}}],"line":390},"35":{"loc":{"start":{"line":390,"column":4},"end":{"line":390,"column":61}},"type":"binary-expr","locations":[{"start":{"line":390,"column":4},"end":{"line":390,"column":26}},{"start":{"line":390,"column":26},"end":{"line":390,"column":61}}],"line":390},"36":{"loc":{"start":{"line":393,"column":2},"end":{"line":415,"column":null}},"type":"if","locations":[{"start":{"line":393,"column":2},"end":{"line":415,"column":null}},{"start":{},"end":{}}],"line":393},"37":{"loc":{"start":{"line":395,"column":6},"end":{"line":397,"column":null}},"type":"cond-expr","locations":[{"start":{"line":396,"column":10},"end":{"line":396,"column":null}},{"start":{"line":397,"column":10},"end":{"line":397,"column":null}}],"line":395},"38":{"loc":{"start":{"line":419,"column":2},"end":{"line":443,"column":null}},"type":"if","locations":[{"start":{"line":419,"column":2},"end":{"line":443,"column":null}},{"start":{},"end":{}}],"line":419},"39":{"loc":{"start":{"line":419,"column":6},"end":{"line":419,"column":59}},"type":"binary-expr","locations":[{"start":{"line":419,"column":6},"end":{"line":419,"column":28}},{"start":{"line":419,"column":28},"end":{"line":419,"column":59}}],"line":419},"40":{"loc":{"start":{"line":422,"column":8},"end":{"line":424,"column":null}},"type":"binary-expr","locations":[{"start":{"line":422,"column":8},"end":{"line":422,"column":null}},{"start":{"line":423,"column":8},"end":{"line":423,"column":null}},{"start":{"line":424,"column":8},"end":{"line":424,"column":null}}],"line":422},"41":{"loc":{"start":{"line":426,"column":4},"end":{"line":443,"column":null}},"type":"if","locations":[{"start":{"line":426,"column":4},"end":{"line":443,"column":null}},{"start":{},"end":{}}],"line":426},"42":{"loc":{"start":{"line":451,"column":9},"end":{"line":451,"column":null}},"type":"binary-expr","locations":[{"start":{"line":451,"column":9},"end":{"line":451,"column":30}},{"start":{"line":451,"column":34},"end":{"line":451,"column":null}}],"line":451}},"s":{"0":3,"1":3,"2":3,"3":3,"4":3,"5":3,"6":3,"7":3,"8":3,"9":3,"10":3,"11":3,"12":3,"13":3,"14":3,"15":62,"16":62,"17":62,"18":62,"19":4,"20":4,"21":62,"22":9,"23":9,"24":62,"25":137,"26":62,"27":62,"28":3,"29":3,"30":62,"31":137,"32":62,"33":62,"34":4,"35":4,"36":62,"37":3,"38":3,"39":62,"40":5,"41":5,"42":62,"43":2,"44":2,"45":62,"46":3,"47":3,"48":62,"49":137,"50":62,"51":137,"52":62,"53":3,"54":3,"55":62,"56":15,"57":111,"58":111,"59":38,"60":73,"61":15,"62":2,"63":2,"64":62,"65":9,"66":9,"67":62,"68":1,"69":1,"70":1,"71":62,"72":62,"73":137,"74":62,"75":135,"76":62,"77":2,"78":2,"79":62,"80":2,"81":2,"82":62,"83":62,"84":163,"85":62,"86":137,"87":62,"88":62,"89":5,"90":5,"91":5,"92":62,"93":50,"94":98,"95":50,"96":1,"97":1,"98":62,"99":565},"f":{"0":62,"1":137,"2":137,"3":137,"4":137,"5":111,"6":135,"7":163,"8":137,"9":98,"10":565},"b":{"0":[62,53],"1":[4,58],"2":[62,50],"3":[9,53],"4":[62,50,43],"5":[7,2],"6":[2,60],"7":[62,50],"8":[3,59],"9":[3,59],"10":[62,50],"11":[4,58],"12":[3,59],"13":[62,5],"14":[5,57],"15":[2,60],"16":[3,59],"17":[62,50],"18":[3,59],"19":[62,5,4],"20":[15,47],"21":[38,73],"22":[70,3],"23":[2,13],"24":[9,53],"25":[62,50,11],"26":[1,61],"27":[62,50,28],"28":[137,135],"29":[2,60],"30":[2,60],"31":[62,50],"32":[163,8,4],"33":[137,113],"34":[2,60],"35":[62,50],"36":[5,57],"37":[2,3],"38":[50,12],"39":[62,50],"40":[98,81,81],"41":[1,49],"42":[565,0]},"meta":{"lastBranch":43,"lastFunction":11,"lastStatement":100,"seen":{"s:8:31:8:Infinity":0,"s:9:31:9:Infinity":1,"s:10:36:10:Infinity":2,"s:11:30:11:Infinity":3,"s:12:45:12:Infinity":4,"s:13:42:13:Infinity":5,"s:14:36:14:Infinity":6,"s:15:39:15:Infinity":7,"s:16:44:16:Infinity":8,"s:17:34:17:Infinity":9,"s:19:32:19:Infinity":10,"s:20:27:20:Infinity":11,"s:21:26:21:Infinity":12,"s:22:27:22:Infinity":13,"s:23:27:23:Infinity":14,"f:29:16:29:Infinity":0,"s:33:40:33:42":15,"s:34:36:34:38":16,"s:35:6:35:Infinity":17,"b:35:18:35:49:35:49:35:54":0,"b:38:2:54:Infinity:undefined:undefined:undefined:undefined":1,"s:38:2:54:Infinity":18,"b:39:4:39:Infinity:40:4:40:57":2,"s:42:4:48:Infinity":19,"s:49:4:54:Infinity":20,"b:58:2:81:Infinity:undefined:undefined:undefined:undefined":3,"s:58:2:81:Infinity":21,"b:59:4:59:Infinity:60:5:60:Infinity:61:6:61:Infinity":4,"s:63:4:71:Infinity":22,"b:67:10:67:Infinity:68:10:68:Infinity":5,"s:72:4:81:Infinity":23,"s:85:25:86:Infinity":24,"f:85:42:85:Infinity":1,"s:86:11:86:52":25,"s:89:5:91:Infinity":26,"b:90:8:90:Infinity:91:8:91:Infinity":6,"b:89:5:89:27:89:27:89:85":7,"b:92:2:110:Infinity:undefined:undefined:undefined:undefined":8,"s:92:2:110:Infinity":27,"s:93:4:99:Infinity":28,"s:100:4:110:Infinity":29,"s:114:24:115:Infinity":30,"f:114:41:114:Infinity":2,"s:115:11:115:51":31,"s:118:5:120:Infinity":32,"b:119:8:119:Infinity:120:8:120:Infinity":9,"b:118:5:118:27:118:27:118:84":10,"b:121:2:139:Infinity:undefined:undefined:undefined:undefined":11,"s:121:2:139:Infinity":33,"s:122:4:128:Infinity":34,"s:129:4:139:Infinity":35,"b:143:2:159:Infinity:undefined:undefined:undefined:undefined":12,"s:143:2:159:Infinity":36,"b:144:4:144:Infinity:145:4:145:Infinity":13,"s:147:4:153:Infinity":37,"s:154:4:159:Infinity":38,"b:163:2:180:Infinity:undefined:undefined:undefined:undefined":14,"s:163:2:180:Infinity":39,"s:164:4:170:Infinity":40,"s:171:4:180:Infinity":41,"b:184:2:197:Infinity:undefined:undefined:undefined:undefined":15,"s:184:2:197:Infinity":42,"s:185:4:191:Infinity":43,"s:192:4:197:Infinity":44,"b:201:2:218:Infinity:undefined:undefined:undefined:undefined":16,"s:201:2:218:Infinity":45,"b:201:6:201:28:201:28:201:56":17,"s:202:4:208:Infinity":46,"s:209:4:218:Infinity":47,"s:223:19:224:Infinity":48,"f:223:36:223:44":3,"s:224:4:224:35":49,"s:226:19:227:Infinity":50,"f:226:36:226:Infinity":4,"s:227:11:227:43":51,"b:229:2:250:Infinity:undefined:undefined:undefined:undefined":18,"s:229:2:250:Infinity":52,"b:230:4:230:Infinity:231:4:231:Infinity:232:4:232:Infinity":19,"s:234:4:240:Infinity":53,"s:241:4:250:Infinity":54,"b:254:2:281:Infinity:undefined:undefined:undefined:undefined":20,"s:254:2:281:Infinity":55,"s:255:20:262:Infinity":56,"f:256:23:256:28":5,"s:257:22:257:39":57,"b:258:8:259:Infinity:undefined:undefined:undefined:undefined":21,"s:258:8:259:Infinity":58,"s:259:10:259:Infinity":59,"s:261:8:261:Infinity":60,"b:261:35:261:46:261:46:261:Infinity":22,"b:264:4:281:Infinity:undefined:undefined:undefined:undefined":23,"s:264:4:281:Infinity":61,"s:265:6:271:Infinity":62,"s:272:6:281:Infinity":63,"b:286:2:307:Infinity:undefined:undefined:undefined:undefined":24,"s:286:2:307:Infinity":64,"b:287:4:287:Infinity:288:4:288:Infinity:289:4:289:Infinity":25,"s:291:4:297:Infinity":65,"s:298:4:307:Infinity":66,"b:311:2:332:Infinity:undefined:undefined:undefined:undefined":26,"s:311:2:332:Infinity":67,"b:312:4:312:Infinity:313:4:313:Infinity:314:4:315:Infinity":27,"s:317:16:318:Infinity":68,"s:320:4:326:Infinity":69,"s:327:4:332:Infinity":70,"s:336:21:336:46":71,"s:337:2:338:Infinity":72,"s:338:4:338:Infinity":73,"b:338:30:338:54:338:58:338:63":28,"s:340:24:341:Infinity":74,"f:340:50:340:Infinity":6,"s:341:19:341:Infinity":75,"b:343:2:360:Infinity:undefined:undefined:undefined:undefined":29,"s:343:2:360:Infinity":76,"s:344:4:350:Infinity":77,"s:351:4:360:Infinity":78,"b:364:2:377:Infinity:undefined:undefined:undefined:undefined":30,"s:364:2:377:Infinity":79,"b:364:6:364:28:364:28:364:67":31,"s:365:4:371:Infinity":80,"s:372:4:377:Infinity":81,"s:383:30:383:Infinity":82,"s:384:8:386:Infinity":83,"f:384:8:384:27":7,"s:385:4:386:Infinity":84,"b:385:4:385:45:386:5:386:50:386:50:386:Infinity":32,"s:388:25:388:88":85,"f:388:42:388:48":8,"s:388:54:388:87":86,"b:388:54:388:69:388:69:388:87":33,"s:390:4:392:Infinity":87,"b:391:8:391:Infinity:392:8:392:Infinity":34,"b:390:4:390:26:390:26:390:61":35,"b:393:2:415:Infinity:undefined:undefined:undefined:undefined":36,"s:393:2:415:Infinity":88,"s:395:6:397:Infinity":89,"b:396:10:396:Infinity:397:10:397:Infinity":37,"s:398:4:404:Infinity":90,"s:405:4:415:Infinity":91,"b:419:2:443:Infinity:undefined:undefined:undefined:undefined":38,"s:419:2:443:Infinity":92,"b:419:6:419:28:419:28:419:59":39,"s:420:25:424:Infinity":93,"f:420:42:420:Infinity":9,"s:422:8:424:Infinity":94,"b:422:8:422:Infinity:423:8:423:Infinity:424:8:424:Infinity":40,"b:426:4:443:Infinity:undefined:undefined:undefined:undefined":41,"s:426:4:443:Infinity":95,"s:427:6:433:Infinity":96,"s:434:6:443:Infinity":97,"s:447:2:447:Infinity":98,"f:450:9:450:18":10,"s:451:2:451:Infinity":99,"b:451:9:451:30:451:34:451:Infinity":42}}}
}
